0 verbose cli /usr/local/bin/node /usr/local/bin/npm
1 info using npm@10.8.3
2 info using node@v20.15.1
3 silly config load:file:/usr/local/lib/node_modules/npm/npmrc
4 silly config load:file:/Users/mac/.npmrc
5 silly config load:file:/usr/local/etc/npmrc
6 verbose title npm view vary description dist-tags.latest homepage version time
7 verbose argv "view" "--json" "--" "vary" "description" "dist-tags.latest" "homepage" "version" "time"
8 verbose logfile logs-max:10 dir:/Users/mac/.npm/_logs/2024-09-23T18_51_00_497Z-
9 verbose logfile /Users/mac/.npm/_logs/2024-09-23T18_51_00_497Z-debug-0.log
10 silly logfile start cleaning logs, removing 2 files
11 silly logfile done cleaning log files
12 verbose FetchError: Invalid response body while trying to fetch https://registry.npmjs.org/vary: EACCES: permission denied, open '/Users/mac/.npm/_cacache/tmp/ebb02a1a'
    at /usr/local/lib/node_modules/npm/node_modules/minipass-fetch/lib/body.js:170:15
    at async Response.json (/usr/local/lib/node_modules/npm/node_modules/minipass-fetch/lib/body.js:75:17)
    at async RegistryFetcher.packument (/usr/local/lib/node_modules/npm/node_modules/pacote/lib/registry.js:98:25)
    at async #getData (/usr/local/lib/node_modules/npm/lib/commands/view.js:135:20)
    at async #viewPackage (/usr/local/lib/node_modules/npm/lib/commands/view.js:112:28)
    at async View.exec (/usr/local/lib/node_modules/npm/lib/commands/view.js:70:5)
    at async Npm.exec (/usr/local/lib/node_modules/npm/lib/npm.js:207:9)
    at async module.exports (/usr/local/lib/node_modules/npm/lib/cli/entry.js:74:5)
13 verbose type system
14 verbose stack FetchError: Invalid response body while trying to fetch https://registry.npmjs.org/vary: EACCES: permission denied, open '/Users/mac/.npm/_cacache/tmp/ebb02a1a'
14 verbose stack     at /usr/local/lib/node_modules/npm/node_modules/minipass-fetch/lib/body.js:170:15
14 verbose stack     at async Response.json (/usr/local/lib/node_modules/npm/node_modules/minipass-fetch/lib/body.js:75:17)
14 verbose stack     at async RegistryFetcher.packument (/usr/local/lib/node_modules/npm/node_modules/pacote/lib/registry.js:98:25)
14 verbose stack     at async #getData (/usr/local/lib/node_modules/npm/lib/commands/view.js:135:20)
14 verbose stack     at async #viewPackage (/usr/local/lib/node_modules/npm/lib/commands/view.js:112:28)
14 verbose stack     at async View.exec (/usr/local/lib/node_modules/npm/lib/commands/view.js:70:5)
14 verbose stack     at async Npm.exec (/usr/local/lib/node_modules/npm/lib/npm.js:207:9)
14 verbose stack     at async module.exports (/usr/local/lib/node_modules/npm/lib/cli/entry.js:74:5)
15 error code EACCES
16 error syscall open
17 error path /Users/mac/.npm/_cacache/tmp/ebb02a1a
18 error errno EACCES
19 error
19 error Your cache folder contains root-owned files, due to a bug in
19 error previous versions of npm which has since been addressed.
19 error
19 error To permanently fix this problem, please run:
19 error   sudo chown -R 501:20 "/Users/mac/.npm"
20 verbose cwd /Users/mac
21 verbose os Darwin 19.4.0
22 verbose node v20.15.1
23 verbose npm  v10.8.3
24 verbose exit 1
25 verbose code 1
26 error A complete log of this run can be found in: /Users/mac/.npm/_logs/2024-09-23T18_51_00_497Z-debug-0.log
