0 verbose cli /usr/local/bin/node /usr/local/bin/npm
1 info using npm@10.9.0
2 info using node@v20.15.1
3 silly config load:file:/usr/local/lib/node_modules/npm/npmrc
4 silly config load:file:/Users/mac/.npmrc
5 silly config load:file:/usr/local/etc/npmrc
6 verbose title npm login
7 verbose argv "login"
8 verbose logfile logs-max:10 dir:/Users/mac/.npm/_logs/2024-11-11T09_35_18_480Z-
9 verbose logfile /Users/mac/.npm/_logs/2024-11-11T09_35_18_480Z-debug-0.log
10 silly logfile start cleaning logs, removing 1 files
11 notice Log in on https://registry.npmjs.org/
12 verbose web login before first POST
13 silly logfile done cleaning log files
14 http fetch POST 200 https://registry.npmjs.org/-/v1/login 1066ms
15 verbose web auth got response {
15 verbose web auth   loginUrl: 'https://www.npmjs.com/login?next=/login/cli/69ecfeda-cb59-4252-8e4f-796db68d4cbc',
15 verbose web auth   doneUrl: 'https://registry.npmjs.org/-/v1/done?sessionId=69ecfeda-cb59-4252-8e4f-796db68d4cbc'
15 verbose web auth }
16 verbose web auth opening url pair
17 http fetch GET 202 https://registry.npmjs.org/-/v1/done?sessionId=*** 443ms
18 http fetch GET 202 https://registry.npmjs.org/-/v1/done?sessionId=*** 337ms
19 http fetch GET 202 https://registry.npmjs.org/-/v1/done?sessionId=*** 356ms
20 http fetch GET 202 https://registry.npmjs.org/-/v1/done?sessionId=*** 328ms
21 http fetch GET 202 https://registry.npmjs.org/-/v1/done?sessionId=*** 342ms
22 http fetch GET 202 https://registry.npmjs.org/-/v1/done?sessionId=*** 354ms
23 http fetch GET 202 https://registry.npmjs.org/-/v1/done?sessionId=*** 328ms
24 http fetch GET 202 https://registry.npmjs.org/-/v1/done?sessionId=*** 342ms
25 http fetch GET 202 https://registry.npmjs.org/-/v1/done?sessionId=*** 897ms
26 http fetch GET 202 https://registry.npmjs.org/-/v1/done?sessionId=*** 313ms
27 http fetch GET 202 https://registry.npmjs.org/-/v1/done?sessionId=*** 322ms
28 http fetch GET 202 https://registry.npmjs.org/-/v1/done?sessionId=*** 341ms
29 http fetch GET 202 https://registry.npmjs.org/-/v1/done?sessionId=*** 351ms
30 http fetch GET 202 https://registry.npmjs.org/-/v1/done?sessionId=*** 341ms
31 http fetch GET 202 https://registry.npmjs.org/-/v1/done?sessionId=*** 341ms
32 http fetch GET 202 https://registry.npmjs.org/-/v1/done?sessionId=*** 356ms
33 http fetch GET 202 https://registry.npmjs.org/-/v1/done?sessionId=*** 344ms
34 http fetch GET 202 https://registry.npmjs.org/-/v1/done?sessionId=*** 365ms
35 http fetch GET 202 https://registry.npmjs.org/-/v1/done?sessionId=*** 348ms
36 http fetch GET 202 https://registry.npmjs.org/-/v1/done?sessionId=*** 352ms
37 http fetch GET 202 https://registry.npmjs.org/-/v1/done?sessionId=*** 336ms
38 http fetch GET 200 https://registry.npmjs.org/-/v1/done?sessionId=*** 327ms
39 verbose web auth done-check finished
40 info login Logged in on https://registry.npmjs.org/.
41 verbose cwd /Users/mac
42 verbose os Darwin 19.4.0
43 verbose node v20.15.1
44 verbose npm  v10.9.0
45 verbose exit 0
46 info ok
