0 verbose cli /usr/local/bin/node /usr/local/bin/npm
1 info using npm@10.9.0
2 info using node@v20.15.1
3 silly config load:file:/usr/local/lib/node_modules/npm/npmrc
4 silly config load:file:/Users/mac/Library/Caches/typescript/5.4/.npmrc
5 silly config load:file:/Users/mac/.npmrc
6 silly config load:file:/usr/local/etc/npmrc
7 verbose title npm install types-registry@latest
8 verbose argv "install" "--ignore-scripts" "types-registry@latest"
9 verbose logfile logs-max:10 dir:/Users/mac/.npm/_logs/2024-10-15T11_31_41_635Z-
10 verbose logfile /Users/mac/.npm/_logs/2024-10-15T11_31_41_635Z-debug-0.log
11 silly logfile done cleaning log files
12 silly packumentCache heap:2197815296 maxSize:549453824 maxEntrySize:274726912
13 silly packumentCache corgi:https://registry.npmjs.org/types-registry cache-miss
14 verbose FetchError: Invalid response body while trying to fetch https://registry.npmjs.org/types-registry: EACCES: permission denied, open '/Users/mac/.npm/_cacache/tmp/f57c84b9'
    at /usr/local/lib/node_modules/npm/node_modules/minipass-fetch/lib/body.js:170:15
    at async Response.json (/usr/local/lib/node_modules/npm/node_modules/minipass-fetch/lib/body.js:75:17)
    at async RegistryFetcher.packument (/usr/local/lib/node_modules/npm/node_modules/pacote/lib/registry.js:98:25)
    at async RegistryFetcher.manifest (/usr/local/lib/node_modules/npm/node_modules/pacote/lib/registry.js:128:23)
    at async /usr/local/lib/node_modules/npm/node_modules/@npmcli/arborist/lib/arborist/build-ideal-tree.js:515:22
    at async Promise.all (index 0)
    at async #add (/usr/local/lib/node_modules/npm/node_modules/@npmcli/arborist/lib/arborist/build-ideal-tree.js:504:5)
    at async #applyUserRequestsToNode (/usr/local/lib/node_modules/npm/node_modules/@npmcli/arborist/lib/arborist/build-ideal-tree.js:473:7)
    at async #applyUserRequests (/usr/local/lib/node_modules/npm/node_modules/@npmcli/arborist/lib/arborist/build-ideal-tree.js:408:7)
    at async Arborist.buildIdealTree (/usr/local/lib/node_modules/npm/node_modules/@npmcli/arborist/lib/arborist/build-ideal-tree.js:180:7)
15 verbose type system
16 verbose stack FetchError: Invalid response body while trying to fetch https://registry.npmjs.org/types-registry: EACCES: permission denied, open '/Users/mac/.npm/_cacache/tmp/f57c84b9'
16 verbose stack     at /usr/local/lib/node_modules/npm/node_modules/minipass-fetch/lib/body.js:170:15
16 verbose stack     at async Response.json (/usr/local/lib/node_modules/npm/node_modules/minipass-fetch/lib/body.js:75:17)
16 verbose stack     at async RegistryFetcher.packument (/usr/local/lib/node_modules/npm/node_modules/pacote/lib/registry.js:98:25)
16 verbose stack     at async RegistryFetcher.manifest (/usr/local/lib/node_modules/npm/node_modules/pacote/lib/registry.js:128:23)
16 verbose stack     at async /usr/local/lib/node_modules/npm/node_modules/@npmcli/arborist/lib/arborist/build-ideal-tree.js:515:22
16 verbose stack     at async Promise.all (index 0)
16 verbose stack     at async #add (/usr/local/lib/node_modules/npm/node_modules/@npmcli/arborist/lib/arborist/build-ideal-tree.js:504:5)
16 verbose stack     at async #applyUserRequestsToNode (/usr/local/lib/node_modules/npm/node_modules/@npmcli/arborist/lib/arborist/build-ideal-tree.js:473:7)
16 verbose stack     at async #applyUserRequests (/usr/local/lib/node_modules/npm/node_modules/@npmcli/arborist/lib/arborist/build-ideal-tree.js:408:7)
16 verbose stack     at async Arborist.buildIdealTree (/usr/local/lib/node_modules/npm/node_modules/@npmcli/arborist/lib/arborist/build-ideal-tree.js:180:7)
17 error code EACCES
18 error syscall open
19 error path /Users/mac/.npm/_cacache/tmp/f57c84b9
20 error errno EACCES
21 error
21 error Your cache folder contains root-owned files, due to a bug in
21 error previous versions of npm which has since been addressed.
21 error
21 error To permanently fix this problem, please run:
21 error   sudo chown -R 501:20 "/Users/mac/.npm"
22 silly unfinished npm timer reify 1728991906642
23 silly unfinished npm timer reify:loadTrees 1728991906649
24 silly unfinished npm timer idealTree:userRequests 1728991906931
25 verbose cwd /Users/mac/Library/Caches/typescript/5.4
26 verbose os Darwin 19.4.0
27 verbose node v20.15.1
28 verbose npm  v10.9.0
29 verbose exit 1
30 verbose code 1
31 error A complete log of this run can be found in: /Users/mac/.npm/_logs/2024-10-15T11_31_41_635Z-debug-0.log
