0 verbose cli /usr/local/bin/node /usr/local/bin/npm
1 info using npm@10.7.0
2 info using node@v20.15.1
3 silly config:load:file:/usr/local/lib/node_modules/npm/npmrc
4 silly config:load:file:/Users/mac/.npmrc
5 silly config:load:file:/usr/local/etc/npmrc
6 verbose title npm install npm@10.8.3
7 verbose argv "install" "--global" "npm@10.8.3"
8 verbose logfile logs-max:10 dir:/Users/mac/.npm/_logs/2024-09-20T10_44_12_597Z-
9 verbose logfile /Users/mac/.npm/_logs/2024-09-20T10_44_12_597Z-debug-0.log
10 silly logfile start cleaning logs, removing 1 files
11 silly logfile done cleaning log files
12 verbose type system
13 verbose stack FetchError: Invalid response body while trying to fetch https://registry.npmjs.org/npm: EACCES: permission denied, open '/Users/mac/.npm/_cacache/tmp/f7cf5d18'
13 verbose stack     at /usr/local/lib/node_modules/npm/node_modules/minipass-fetch/lib/body.js:170:15
13 verbose stack     at async Response.json (/usr/local/lib/node_modules/npm/node_modules/minipass-fetch/lib/body.js:75:17)
13 verbose stack     at async RegistryFetcher.packument (/usr/local/lib/node_modules/npm/node_modules/pacote/lib/registry.js:98:25)
13 verbose stack     at async RegistryFetcher.manifest (/usr/local/lib/node_modules/npm/node_modules/pacote/lib/registry.js:129:23)
13 verbose stack     at async Install.exec (/usr/local/lib/node_modules/npm/lib/commands/install.js:111:27)
13 verbose stack     at async module.exports (/usr/local/lib/node_modules/npm/lib/cli/entry.js:74:5)
14 verbose cwd /Users/mac
15 verbose Darwin 19.4.0
16 verbose node v20.15.1
17 verbose npm  v10.7.0
18 error code EACCES
19 error syscall open
20 error path /Users/mac/.npm/_cacache/tmp/f7cf5d18
21 error errno EACCES
22 verbose FetchError: Invalid response body while trying to fetch https://registry.npmjs.org/npm: EACCES: permission denied, open '/Users/mac/.npm/_cacache/tmp/f7cf5d18'
    at /usr/local/lib/node_modules/npm/node_modules/minipass-fetch/lib/body.js:170:15
    at async Response.json (/usr/local/lib/node_modules/npm/node_modules/minipass-fetch/lib/body.js:75:17)
    at async RegistryFetcher.packument (/usr/local/lib/node_modules/npm/node_modules/pacote/lib/registry.js:98:25)
    at async RegistryFetcher.manifest (/usr/local/lib/node_modules/npm/node_modules/pacote/lib/registry.js:129:23)
    at async Install.exec (/usr/local/lib/node_modules/npm/lib/commands/install.js:111:27)
    at async module.exports (/usr/local/lib/node_modules/npm/lib/cli/entry.js:74:5)
23 error
23 error Your cache folder contains root-owned files, due to a bug in
23 error previous versions of npm which has since been addressed.
23 error
23 error To permanently fix this problem, please run:
23 error   sudo chown -R 501:20 "/Users/mac/.npm"
24 verbose exit 1
25 verbose code 1
26 error A complete log of this run can be found in: /Users/mac/.npm/_logs/2024-09-20T10_44_12_597Z-debug-0.log
