0 verbose cli /usr/local/bin/node /usr/local/bin/npm
1 info using npm@10.9.0
2 info using node@v20.15.1
3 silly config load:file:/usr/local/lib/node_modules/npm/npmrc
4 silly config load:file:/Users/mac/Library/Caches/typescript/5.4/.npmrc
5 silly config load:file:/Users/mac/.npmrc
6 silly config load:file:/usr/local/etc/npmrc
7 verbose title npm install @types/accepts@ts5.4 @types/bcrypt@ts5.4 @types/bcryptjs@ts5.4 @types/body-parser@ts5.4 @types/bytes@ts5.4 @types/call-bind@ts5.4 @types/content-disposition@ts5.4 @types/content-type@ts5.4 @types/cookie@ts5.4 @types/cookie-parser@ts5.4 @types/cookie-signature@ts5.4 @types/cors@ts5.4 @types/debug@ts5.4 @types/depd@ts5.4 @types/destroy@ts5.4 @types/ee-first@ts5.4 @types/encodeurl@ts5.4 @types/escape-html@ts5.4 @types/etag@ts5.4 @types/express@ts5.4 @types/finalhandler@ts5.4 @types/forwarded@ts5.4 @types/fresh@ts5.4 @types/function-bind@ts5.4 @types/get-intrinsic@ts5.4 @types/gopd@ts5.4 @types/has-property-descriptors@ts5.4 @types/has-symbols@ts5.4 @types/http-errors@ts5.4 @types/inherits@ts5.4 @types/jsonwebtoken@ts5.4 @types/media-typer@ts5.4 @types/merge-descriptors@ts5.4 @types/methods@ts5.4 @types/mime-db@ts5.4 @types/mime-types@ts5.4 @types/ms@ts5.4 @types/negotiator@ts5.4 @types/node-cron@ts5.4 @types/nodemailer@ts5.4 @types/object-inspect@ts5.4 @types/on-finished@ts5.4 @types/parseurl@ts5.4 @types/proxy-addr@ts5.4 @types/qs@ts5.4 @types/range-parser@ts5.4 @types/safer-buffer@ts5.4 @types/send@ts5.4 @types/serve-static@ts5.4 @types/statuses@ts5.4 @types/toidentifier@ts5.4 @types/type-is@ts5.4 @types/utils-merge@ts5.4 @types/vary@ts5.4
8 verbose argv "install" "--ignore-scripts" "@types/accepts@ts5.4" "@types/bcrypt@ts5.4" "@types/bcryptjs@ts5.4" "@types/body-parser@ts5.4" "@types/bytes@ts5.4" "@types/call-bind@ts5.4" "@types/content-disposition@ts5.4" "@types/content-type@ts5.4" "@types/cookie@ts5.4" "@types/cookie-parser@ts5.4" "@types/cookie-signature@ts5.4" "@types/cors@ts5.4" "@types/debug@ts5.4" "@types/depd@ts5.4" "@types/destroy@ts5.4" "@types/ee-first@ts5.4" "@types/encodeurl@ts5.4" "@types/escape-html@ts5.4" "@types/etag@ts5.4" "@types/express@ts5.4" "@types/finalhandler@ts5.4" "@types/forwarded@ts5.4" "@types/fresh@ts5.4" "@types/function-bind@ts5.4" "@types/get-intrinsic@ts5.4" "@types/gopd@ts5.4" "@types/has-property-descriptors@ts5.4" "@types/has-symbols@ts5.4" "@types/http-errors@ts5.4" "@types/inherits@ts5.4" "@types/jsonwebtoken@ts5.4" "@types/media-typer@ts5.4" "@types/merge-descriptors@ts5.4" "@types/methods@ts5.4" "@types/mime-db@ts5.4" "@types/mime-types@ts5.4" "@types/ms@ts5.4" "@types/negotiator@ts5.4" "@types/node-cron@ts5.4" "@types/nodemailer@ts5.4" "@types/object-inspect@ts5.4" "@types/on-finished@ts5.4" "@types/parseurl@ts5.4" "@types/proxy-addr@ts5.4" "@types/qs@ts5.4" "@types/range-parser@ts5.4" "@types/safer-buffer@ts5.4" "@types/send@ts5.4" "@types/serve-static@ts5.4" "@types/statuses@ts5.4" "@types/toidentifier@ts5.4" "@types/type-is@ts5.4" "@types/utils-merge@ts5.4" "@types/vary@ts5.4" "--save-dev" "--user-agent" "typesInstaller/5.4.5"
9 verbose logfile logs-max:10 dir:/Users/mac/.npm/_logs/2024-10-31T11_35_40_490Z-
10 verbose logfile /Users/mac/.npm/_logs/2024-10-31T11_35_40_490Z-debug-0.log
11 silly logfile start cleaning logs, removing 1 files
12 silly packumentCache heap:2197815296 maxSize:549453824 maxEntrySize:274726912
13 silly logfile done cleaning log files
14 silly packumentCache corgi:https://registry.npmjs.org/@types%2faccepts cache-miss
15 silly packumentCache corgi:https://registry.npmjs.org/@types%2fbcrypt cache-miss
16 silly packumentCache corgi:https://registry.npmjs.org/@types%2fbcryptjs cache-miss
17 silly packumentCache corgi:https://registry.npmjs.org/@types%2fbody-parser cache-miss
18 silly packumentCache corgi:https://registry.npmjs.org/@types%2fbytes cache-miss
19 silly packumentCache corgi:https://registry.npmjs.org/@types%2fcall-bind cache-miss
20 silly packumentCache corgi:https://registry.npmjs.org/@types%2fcontent-disposition cache-miss
21 silly packumentCache corgi:https://registry.npmjs.org/@types%2fcontent-type cache-miss
22 silly packumentCache corgi:https://registry.npmjs.org/@types%2fcookie cache-miss
23 silly packumentCache corgi:https://registry.npmjs.org/@types%2fcookie-parser cache-miss
24 silly packumentCache corgi:https://registry.npmjs.org/@types%2fcookie-signature cache-miss
25 silly packumentCache corgi:https://registry.npmjs.org/@types%2fcors cache-miss
26 silly packumentCache corgi:https://registry.npmjs.org/@types%2fdebug cache-miss
27 silly packumentCache corgi:https://registry.npmjs.org/@types%2fdepd cache-miss
28 silly packumentCache corgi:https://registry.npmjs.org/@types%2fdestroy cache-miss
29 silly packumentCache corgi:https://registry.npmjs.org/@types%2fee-first cache-miss
30 silly packumentCache corgi:https://registry.npmjs.org/@types%2fencodeurl cache-miss
31 silly packumentCache corgi:https://registry.npmjs.org/@types%2fescape-html cache-miss
32 silly packumentCache corgi:https://registry.npmjs.org/@types%2fetag cache-miss
33 silly packumentCache corgi:https://registry.npmjs.org/@types%2fexpress cache-miss
34 silly packumentCache corgi:https://registry.npmjs.org/@types%2ffinalhandler cache-miss
35 silly packumentCache corgi:https://registry.npmjs.org/@types%2fforwarded cache-miss
36 silly packumentCache corgi:https://registry.npmjs.org/@types%2ffresh cache-miss
37 silly packumentCache corgi:https://registry.npmjs.org/@types%2ffunction-bind cache-miss
38 silly packumentCache corgi:https://registry.npmjs.org/@types%2fget-intrinsic cache-miss
39 silly packumentCache corgi:https://registry.npmjs.org/@types%2fgopd cache-miss
40 silly packumentCache corgi:https://registry.npmjs.org/@types%2fhas-property-descriptors cache-miss
41 silly packumentCache corgi:https://registry.npmjs.org/@types%2fhas-symbols cache-miss
42 silly packumentCache corgi:https://registry.npmjs.org/@types%2fhttp-errors cache-miss
43 silly packumentCache corgi:https://registry.npmjs.org/@types%2finherits cache-miss
44 silly packumentCache corgi:https://registry.npmjs.org/@types%2fjsonwebtoken cache-miss
45 silly packumentCache corgi:https://registry.npmjs.org/@types%2fmedia-typer cache-miss
46 silly packumentCache corgi:https://registry.npmjs.org/@types%2fmerge-descriptors cache-miss
47 silly packumentCache corgi:https://registry.npmjs.org/@types%2fmethods cache-miss
48 silly packumentCache corgi:https://registry.npmjs.org/@types%2fmime-db cache-miss
49 silly packumentCache corgi:https://registry.npmjs.org/@types%2fmime-types cache-miss
50 silly packumentCache corgi:https://registry.npmjs.org/@types%2fms cache-miss
51 silly packumentCache corgi:https://registry.npmjs.org/@types%2fnegotiator cache-miss
52 silly packumentCache corgi:https://registry.npmjs.org/@types%2fnode-cron cache-miss
53 silly packumentCache corgi:https://registry.npmjs.org/@types%2fnodemailer cache-miss
54 silly packumentCache corgi:https://registry.npmjs.org/@types%2fobject-inspect cache-miss
55 silly packumentCache corgi:https://registry.npmjs.org/@types%2fon-finished cache-miss
56 silly packumentCache corgi:https://registry.npmjs.org/@types%2fparseurl cache-miss
57 silly packumentCache corgi:https://registry.npmjs.org/@types%2fproxy-addr cache-miss
58 silly packumentCache corgi:https://registry.npmjs.org/@types%2fqs cache-miss
59 silly packumentCache corgi:https://registry.npmjs.org/@types%2frange-parser cache-miss
60 silly packumentCache corgi:https://registry.npmjs.org/@types%2fsafer-buffer cache-miss
61 silly packumentCache corgi:https://registry.npmjs.org/@types%2fsend cache-miss
62 silly packumentCache corgi:https://registry.npmjs.org/@types%2fserve-static cache-miss
63 silly packumentCache corgi:https://registry.npmjs.org/@types%2fstatuses cache-miss
64 silly packumentCache corgi:https://registry.npmjs.org/@types%2ftoidentifier cache-miss
65 silly packumentCache corgi:https://registry.npmjs.org/@types%2ftype-is cache-miss
66 silly packumentCache corgi:https://registry.npmjs.org/@types%2futils-merge cache-miss
67 silly packumentCache corgi:https://registry.npmjs.org/@types%2fvary cache-miss
68 http fetch GET https://registry.npmjs.org/@types%2fbcrypt attempt 1 failed with ENOTFOUND
69 http fetch GET https://registry.npmjs.org/@types%2fcookie-parser attempt 1 failed with ENOTFOUND
70 http fetch GET https://registry.npmjs.org/@types%2fcors attempt 1 failed with ENOTFOUND
71 http fetch GET https://registry.npmjs.org/@types%2fjsonwebtoken attempt 1 failed with ENOTFOUND
72 http fetch GET https://registry.npmjs.org/@types%2fnode-cron attempt 1 failed with ENOTFOUND
73 http fetch GET https://registry.npmjs.org/@types%2fnodemailer attempt 1 failed with ENOTFOUND
74 http fetch GET https://registry.npmjs.org/@types%2faccepts attempt 1 failed with ENOTFOUND
75 http fetch GET https://registry.npmjs.org/@types%2fbcryptjs attempt 1 failed with ENOTFOUND
76 http fetch GET https://registry.npmjs.org/@types%2fbody-parser attempt 1 failed with ENOTFOUND
77 http fetch GET https://registry.npmjs.org/@types%2fcall-bind attempt 1 failed with ENOTFOUND
78 http fetch GET https://registry.npmjs.org/@types%2fbytes attempt 1 failed with ENOTFOUND
79 http fetch GET https://registry.npmjs.org/@types%2fcontent-disposition attempt 1 failed with ENOTFOUND
80 http fetch GET https://registry.npmjs.org/@types%2fcontent-type attempt 1 failed with ENOTFOUND
81 http fetch GET https://registry.npmjs.org/@types%2fcookie attempt 1 failed with ENOTFOUND
82 http fetch GET https://registry.npmjs.org/@types%2fdebug attempt 1 failed with ENOTFOUND
83 http fetch GET https://registry.npmjs.org/@types%2fdestroy attempt 1 failed with ENOTFOUND
84 http fetch GET https://registry.npmjs.org/@types%2fcookie-signature attempt 1 failed with ENOTFOUND
85 http fetch GET https://registry.npmjs.org/@types%2fdepd attempt 1 failed with ENOTFOUND
86 http fetch GET https://registry.npmjs.org/@types%2fee-first attempt 1 failed with ENOTFOUND
87 http fetch GET https://registry.npmjs.org/@types%2fencodeurl attempt 1 failed with ENOTFOUND
88 http fetch GET https://registry.npmjs.org/@types%2fetag attempt 1 failed with ENOTFOUND
89 http fetch GET https://registry.npmjs.org/@types%2fbcrypt attempt 2 failed with ENOTFOUND
90 http fetch GET https://registry.npmjs.org/@types%2fcookie-parser attempt 2 failed with ENOTFOUND
91 http fetch GET https://registry.npmjs.org/@types%2fcors attempt 2 failed with ENOTFOUND
92 http fetch GET https://registry.npmjs.org/@types%2fjsonwebtoken attempt 2 failed with ENOTFOUND
93 http fetch GET https://registry.npmjs.org/@types%2fnode-cron attempt 2 failed with ENOTFOUND
94 http fetch GET https://registry.npmjs.org/@types%2fnodemailer attempt 2 failed with ENOTFOUND
95 http fetch GET https://registry.npmjs.org/@types%2faccepts attempt 2 failed with ENOTFOUND
96 http fetch GET https://registry.npmjs.org/@types%2fbcryptjs attempt 2 failed with ENOTFOUND
97 http fetch GET https://registry.npmjs.org/@types%2fbody-parser attempt 2 failed with ENOTFOUND
98 http fetch GET https://registry.npmjs.org/@types%2fcall-bind attempt 2 failed with ENOTFOUND
99 http fetch GET https://registry.npmjs.org/@types%2fbytes attempt 2 failed with ENOTFOUND
100 http fetch GET https://registry.npmjs.org/@types%2fcontent-disposition attempt 2 failed with ENOTFOUND
101 http fetch GET https://registry.npmjs.org/@types%2fcontent-type attempt 2 failed with ENOTFOUND
102 http fetch GET https://registry.npmjs.org/@types%2fcookie attempt 2 failed with ENOTFOUND
103 http fetch GET https://registry.npmjs.org/@types%2fdebug attempt 2 failed with ENOTFOUND
104 http fetch GET https://registry.npmjs.org/@types%2fdestroy attempt 2 failed with ENOTFOUND
105 http fetch GET https://registry.npmjs.org/@types%2fcookie-signature attempt 2 failed with ENOTFOUND
106 http fetch GET https://registry.npmjs.org/@types%2fdepd attempt 2 failed with ENOTFOUND
107 http fetch GET https://registry.npmjs.org/@types%2fee-first attempt 2 failed with ENOTFOUND
108 http fetch GET https://registry.npmjs.org/@types%2fencodeurl attempt 2 failed with ENOTFOUND
109 http fetch GET https://registry.npmjs.org/@types%2fetag attempt 2 failed with ENOTFOUND
110 http fetch GET https://registry.npmjs.org/@types%2fbcrypt attempt 3 failed with ENOTFOUND
111 http fetch GET https://registry.npmjs.org/@types%2fcookie-parser attempt 3 failed with ENOTFOUND
112 http fetch GET https://registry.npmjs.org/@types%2fcors attempt 3 failed with ENOTFOUND
113 http fetch GET https://registry.npmjs.org/@types%2fjsonwebtoken attempt 3 failed with ENOTFOUND
114 http fetch GET https://registry.npmjs.org/@types%2fnode-cron attempt 3 failed with ENOTFOUND
115 http fetch GET https://registry.npmjs.org/@types%2fnodemailer attempt 3 failed with ENOTFOUND
116 verbose type system
117 verbose stack FetchError: request to https://registry.npmjs.org/@types%2fbcrypt failed, reason: getaddrinfo ENOTFOUND registry.npmjs.org
117 verbose stack     at ClientRequest.<anonymous> (/usr/local/lib/node_modules/npm/node_modules/minipass-fetch/lib/index.js:130:14)
117 verbose stack     at ClientRequest.emit (node:events:519:28)
117 verbose stack     at _destroy (node:_http_client:880:13)
117 verbose stack     at onSocketNT (node:_http_client:900:5)
117 verbose stack     at process.processTicksAndRejections (node:internal/process/task_queues:83:21)
118 error code ENOTFOUND
119 error syscall getaddrinfo
120 error errno ENOTFOUND
121 error network request to https://registry.npmjs.org/@types%2fbcrypt failed, reason: getaddrinfo ENOTFOUND registry.npmjs.org
122 error network This is a problem related to network connectivity.
122 error network In most cases you are behind a proxy or have bad network settings.
122 error network
122 error network If you are behind a proxy, please make sure that the
122 error network 'proxy' config is set properly.  See: 'npm help config'
123 silly unfinished npm timer reify 1730374542617
124 silly unfinished npm timer reify:loadTrees 1730374542621
125 silly unfinished npm timer idealTree:userRequests 1730374542696
126 verbose cwd /Users/mac/Library/Caches/typescript/5.4
127 verbose os Darwin 19.4.0
128 verbose node v20.15.1
129 verbose npm  v10.9.0
130 verbose exit 1
131 verbose code 1
132 error A complete log of this run can be found in: /Users/mac/.npm/_logs/2024-10-31T11_35_40_490Z-debug-0.log
