0 verbose cli /usr/local/bin/node /usr/local/bin/npm
1 info using npm@10.8.3
2 info using node@v20.15.1
3 silly config load:file:/usr/local/lib/node_modules/npm/npmrc
4 silly config load:file:/Users/mac/.npmrc
5 silly config load:file:/usr/local/etc/npmrc
6 verbose title npm view utils-merge description dist-tags.latest homepage version time
7 verbose argv "view" "--json" "--" "utils-merge" "description" "dist-tags.latest" "homepage" "version" "time"
8 verbose logfile logs-max:10 dir:/Users/mac/.npm/_logs/2024-09-24T18_27_14_077Z-
9 verbose logfile /Users/mac/.npm/_logs/2024-09-24T18_27_14_077Z-debug-0.log
10 silly logfile start cleaning logs, removing 2 files
11 silly logfile done cleaning log files
12 http fetch GET 200 https://registry.npmjs.org/utils-merge 3947ms (cache miss)
13 verbose FetchError: Invalid response body while trying to fetch https://registry.npmjs.org/utils-merge: EACCES: permission denied, open '/Users/mac/.npm/_cacache/tmp/d2c7b79b'
    at /usr/local/lib/node_modules/npm/node_modules/minipass-fetch/lib/body.js:170:15
    at async Response.json (/usr/local/lib/node_modules/npm/node_modules/minipass-fetch/lib/body.js:75:17)
    at async RegistryFetcher.packument (/usr/local/lib/node_modules/npm/node_modules/pacote/lib/registry.js:98:25)
    at async #getData (/usr/local/lib/node_modules/npm/lib/commands/view.js:135:20)
    at async #viewPackage (/usr/local/lib/node_modules/npm/lib/commands/view.js:112:28)
    at async View.exec (/usr/local/lib/node_modules/npm/lib/commands/view.js:70:5)
    at async Npm.exec (/usr/local/lib/node_modules/npm/lib/npm.js:207:9)
    at async module.exports (/usr/local/lib/node_modules/npm/lib/cli/entry.js:74:5)
14 verbose type system
15 verbose stack FetchError: Invalid response body while trying to fetch https://registry.npmjs.org/utils-merge: EACCES: permission denied, open '/Users/mac/.npm/_cacache/tmp/d2c7b79b'
15 verbose stack     at /usr/local/lib/node_modules/npm/node_modules/minipass-fetch/lib/body.js:170:15
15 verbose stack     at async Response.json (/usr/local/lib/node_modules/npm/node_modules/minipass-fetch/lib/body.js:75:17)
15 verbose stack     at async RegistryFetcher.packument (/usr/local/lib/node_modules/npm/node_modules/pacote/lib/registry.js:98:25)
15 verbose stack     at async #getData (/usr/local/lib/node_modules/npm/lib/commands/view.js:135:20)
15 verbose stack     at async #viewPackage (/usr/local/lib/node_modules/npm/lib/commands/view.js:112:28)
15 verbose stack     at async View.exec (/usr/local/lib/node_modules/npm/lib/commands/view.js:70:5)
15 verbose stack     at async Npm.exec (/usr/local/lib/node_modules/npm/lib/npm.js:207:9)
15 verbose stack     at async module.exports (/usr/local/lib/node_modules/npm/lib/cli/entry.js:74:5)
16 error code EACCES
17 error syscall open
18 error path /Users/mac/.npm/_cacache/tmp/d2c7b79b
19 error errno EACCES
20 error
20 error Your cache folder contains root-owned files, due to a bug in
20 error previous versions of npm which has since been addressed.
20 error
20 error To permanently fix this problem, please run:
20 error   sudo chown -R 501:20 "/Users/mac/.npm"
21 verbose cwd /Users/mac
22 verbose os Darwin 19.4.0
23 verbose node v20.15.1
24 verbose npm  v10.8.3
25 verbose exit 1
26 verbose code 1
27 error A complete log of this run can be found in: /Users/mac/.npm/_logs/2024-09-24T18_27_14_077Z-debug-0.log
