0 verbose cli /usr/local/bin/node /usr/local/bin/npm
1 info using npm@10.7.0
2 info using node@v20.15.1
3 silly config:load:file:/usr/local/lib/node_modules/npm/npmrc
4 silly config:load:file:/Users/mac/.npmrc
5 silly config:load:file:/usr/local/etc/npmrc
6 verbose title npm start
7 verbose argv "start"
8 verbose logfile logs-max:10 dir:/Users/mac/.npm/_logs/2024-09-20T10_37_25_762Z-
9 verbose logfile /Users/mac/.npm/_logs/2024-09-20T10_37_25_762Z-debug-0.log
10 silly logfile start cleaning logs, removing 1 files
11 silly logfile done cleaning log files
12 http fetch GET 200 https://registry.npmjs.org/npm 24498ms
13 notice
13 notice New [33mminor[39m version of npm available! [33m10.7.0[39m -> [34m10.8.3[39m
13 notice Changelog: [34mhttps://github.com/npm/cli/releases/tag/v10.8.3[39m
13 notice To update run: [4mnpm install -g npm@10.8.3[24m
13 notice  { force: true, [Symbol(proc-log.meta)]: true }
14 verbose exit 130
15 verbose code 130
