0 verbose cli /usr/local/bin/node /usr/local/bin/npm
1 info using npm@10.8.3
2 info using node@v20.15.1
3 silly config load:file:/usr/local/lib/node_modules/npm/npmrc
4 silly config load:file:/Users/mac/.npmrc
5 silly config load:file:/usr/local/etc/npmrc
6 verbose title npm audit fix
7 verbose argv "audit" "fix" "--force"
8 verbose logfile logs-max:10 dir:/Users/mac/.npm/_logs/2024-09-22T15_09_38_983Z-
9 verbose logfile /Users/mac/.npm/_logs/2024-09-22T15_09_38_983Z-debug-0.log
10 warn using --force Recommended protections disabled.
11 silly packumentCache heap:2197815296 maxSize:549453824 maxEntrySize:274726912
12 silly logfile start cleaning logs, removing 1 files
13 silly logfile done cleaning log files
14 silly audit bulk request {
14 silly audit   '@mapbox/node-pre-gyp': [ '1.0.11' ],
14 silly audit   '@mongodb-js/saslprep': [ '1.1.8' ],
14 silly audit   '@types/webidl-conversions': [ '7.0.3' ],
14 silly audit   '@types/whatwg-url': [ '11.0.5' ],
14 silly audit   abbrev: [ '1.1.1' ],
14 silly audit   accepts: [ '1.3.8' ],
14 silly audit   'agent-base': [ '6.0.2' ],
14 silly audit   debug: [ '4.3.6', '2.6.9', '4.3.5' ],
14 silly audit   ms: [ '2.1.2', '2.1.3', '2.0.0' ],
14 silly audit   'ansi-regex': [ '5.0.1' ],
14 silly audit   anymatch: [ '3.1.3' ],
14 silly audit   aproba: [ '2.0.0' ],
14 silly audit   'are-we-there-yet': [ '2.0.0' ],
14 silly audit   'array-flatten': [ '1.1.1' ],
14 silly audit   'balanced-match': [ '1.0.2' ],
14 silly audit   bcrypt: [ '5.1.1' ],
14 silly audit   bcryptjs: [ '2.4.3' ],
14 silly audit   'binary-extensions': [ '2.3.0' ],
14 silly audit   'body-parser': [ '1.20.3' ],
14 silly audit   'brace-expansion': [ '1.1.11' ],
14 silly audit   braces: [ '3.0.3' ],
14 silly audit   bson: [ '6.8.0' ],
14 silly audit   'buffer-equal-constant-time': [ '1.0.1' ],
14 silly audit   bytes: [ '3.1.2' ],
14 silly audit   'call-bind': [ '1.0.7' ],
14 silly audit   chokidar: [ '3.6.0' ],
14 silly audit   chownr: [ '2.0.0' ],
14 silly audit   'color-support': [ '1.1.3' ],
14 silly audit   'concat-map': [ '0.0.1' ],
14 silly audit   'console-control-strings': [ '1.1.0' ],
14 silly audit   'content-disposition': [ '0.5.4' ],
14 silly audit   'content-type': [ '1.0.5' ],
14 silly audit   cookie: [ '0.6.0', '0.4.1' ],
14 silly audit   'cookie-parser': [ '1.4.6' ],
14 silly audit   'cookie-signature': [ '1.0.6' ],
14 silly audit   'define-data-property': [ '1.1.4' ],
14 silly audit   delegates: [ '1.0.0' ],
14 silly audit   depd: [ '2.0.0' ],
14 silly audit   destroy: [ '1.2.0' ],
14 silly audit   'detect-libc': [ '2.0.3' ],
14 silly audit   dotenv: [ '16.4.5' ],
14 silly audit   'ecdsa-sig-formatter': [ '1.0.11' ],
14 silly audit   'ee-first': [ '1.1.1' ],
14 silly audit   'emoji-regex': [ '8.0.0' ],
14 silly audit   encodeurl: [ '1.0.2', '2.0.0' ],
14 silly audit   'es-define-property': [ '1.0.0' ],
14 silly audit   'es-errors': [ '1.3.0' ],
14 silly audit   'escape-html': [ '1.0.3' ],
14 silly audit   etag: [ '1.8.1' ],
14 silly audit   express: [ '4.21.0' ],
14 silly audit   send: [ '0.19.0', '0.18.0' ],
14 silly audit   'fill-range': [ '7.1.1' ],
14 silly audit   finalhandler: [ '1.3.1' ],
14 silly audit   forwarded: [ '0.2.0' ],
14 silly audit   fresh: [ '0.5.2' ],
14 silly audit   'fs-minipass': [ '2.1.0' ],
14 silly audit   minipass: [ '3.3.6', '5.0.0' ],
14 silly audit   'fs.realpath': [ '1.0.0' ],
14 silly audit   fsevents: [ '2.3.3' ],
14 silly audit   'function-bind': [ '1.1.2' ],
14 silly audit   gauge: [ '3.0.2' ],
14 silly audit   'get-intrinsic': [ '1.2.4' ],
14 silly audit   glob: [ '7.2.3' ],
14 silly audit   'glob-parent': [ '5.1.2' ],
14 silly audit   gopd: [ '1.0.1' ],
14 silly audit   'has-flag': [ '3.0.0' ],
14 silly audit   'has-property-descriptors': [ '1.0.2' ],
14 silly audit   'has-proto': [ '1.0.3' ],
14 silly audit   'has-symbols': [ '1.0.3' ],
14 silly audit   'has-unicode': [ '2.0.1' ],
14 silly audit   hasown: [ '2.0.2' ],
14 silly audit   'http-errors': [ '2.0.0' ],
14 silly audit   'https-proxy-agent': [ '5.0.1' ],
14 silly audit   'iconv-lite': [ '0.4.24' ],
14 silly audit   'ignore-by-default': [ '1.0.1' ],
14 silly audit   inflight: [ '1.0.6' ],
14 silly audit   inherits: [ '2.0.4' ],
14 silly audit   'ipaddr.js': [ '1.9.1' ],
14 silly audit   'is-binary-path': [ '2.1.0' ],
14 silly audit   'is-extglob': [ '2.1.1' ],
14 silly audit   'is-fullwidth-code-point': [ '3.0.0' ],
14 silly audit   'is-glob': [ '4.0.3' ],
14 silly audit   'is-number': [ '7.0.0' ],
14 silly audit   jsonwebtoken: [ '9.0.2' ],
14 silly audit   jwa: [ '1.4.1' ],
14 silly audit   jws: [ '3.2.2' ],
14 silly audit   kareem: [ '2.6.3' ],
14 silly audit   'lodash.includes': [ '4.3.0' ],
14 silly audit   'lodash.isboolean': [ '3.0.3' ],
14 silly audit   'lodash.isinteger': [ '4.0.4' ],
14 silly audit   'lodash.isnumber': [ '3.0.3' ],
14 silly audit   'lodash.isplainobject': [ '4.0.6' ],
14 silly audit   'lodash.isstring': [ '4.0.1' ],
14 silly audit   'lodash.once': [ '4.1.1' ],
14 silly audit   'make-dir': [ '3.1.0' ],
14 silly audit   semver: [ '6.3.1', '7.6.3' ],
14 silly audit   'media-typer': [ '0.3.0' ],
14 silly audit   'memory-pager': [ '1.5.0' ],
14 silly audit   'merge-descriptors': [ '1.0.3' ],
14 silly audit   methods: [ '1.1.2' ],
14 silly audit   mime: [ '1.6.0' ],
14 silly audit   'mime-db': [ '1.52.0' ],
14 silly audit   'mime-types': [ '2.1.35' ],
14 silly audit   minimatch: [ '3.1.2' ],
14 silly audit   minizlib: [ '2.1.2' ],
14 silly audit   mkdirp: [ '1.0.4' ],
14 silly audit   mongodb: [ '6.7.0' ],
14 silly audit   'mongodb-connection-string-url': [ '3.0.1' ],
14 silly audit   mongoose: [ '8.5.2' ],
14 silly audit   mpath: [ '0.9.0' ],
14 silly audit   mquery: [ '5.0.0' ],
14 silly audit   negotiator: [ '0.6.3' ],
14 silly audit   'node-addon-api': [ '5.1.0' ],
14 silly audit   'node-fetch': [ '2.7.0' ],
14 silly audit   tr46: [ '0.0.3', '4.1.1' ],
14 silly audit   'webidl-conversions': [ '3.0.1', '7.0.0' ],
14 silly audit   'whatwg-url': [ '5.0.0', '13.0.0' ],
14 silly audit   nodemon: [ '3.1.4' ],
14 silly audit   nopt: [ '5.0.0' ],
14 silly audit   'normalize-path': [ '3.0.0' ],
14 silly audit   npmlog: [ '5.0.1' ],
14 silly audit   'object-assign': [ '4.1.1' ],
14 silly audit   'object-inspect': [ '1.13.2' ],
14 silly audit   'on-finished': [ '2.4.1' ],
14 silly audit   once: [ '1.4.0' ],
14 silly audit   parseurl: [ '1.3.3' ],
14 silly audit   'path-is-absolute': [ '1.0.1' ],
14 silly audit   'path-to-regexp': [ '0.1.10' ],
14 silly audit   picomatch: [ '2.3.1' ],
14 silly audit   prettier: [ '3.3.3' ],
14 silly audit   'proxy-addr': [ '2.0.7' ],
14 silly audit   'pstree.remy': [ '1.1.8' ],
14 silly audit   punycode: [ '2.3.1' ],
14 silly audit   qs: [ '6.13.0' ],
14 silly audit   'range-parser': [ '1.2.1' ],
14 silly audit   'raw-body': [ '2.5.2' ],
14 silly audit   'readable-stream': [ '3.6.2' ],
14 silly audit   readdirp: [ '3.6.0' ],
14 silly audit   rimraf: [ '3.0.2' ],
14 silly audit   'safe-buffer': [ '5.2.1' ],
14 silly audit   'safer-buffer': [ '2.1.2' ],
14 silly audit   'serve-static': [ '1.16.2' ],
14 silly audit   'set-blocking': [ '2.0.0' ],
14 silly audit   'set-function-length': [ '1.2.2' ],
14 silly audit   setprototypeof: [ '1.2.0' ],
14 silly audit   'side-channel': [ '1.0.6' ],
14 silly audit   sift: [ '17.1.3' ],
14 silly audit   'signal-exit': [ '3.0.7' ],
14 silly audit   'simple-update-notifier': [ '2.0.0' ],
14 silly audit   'sparse-bitfield': [ '3.0.3' ],
14 silly audit   statuses: [ '2.0.1' ],
14 silly audit   string_decoder: [ '1.3.0' ],
14 silly audit   'string-width': [ '4.2.3' ],
14 silly audit   'strip-ansi': [ '6.0.1' ],
14 silly audit   'supports-color': [ '5.5.0' ],
14 silly audit   tar: [ '6.2.1' ],
14 silly audit   'to-regex-range': [ '5.0.1' ],
14 silly audit   toidentifier: [ '1.0.1' ],
14 silly audit   touch: [ '3.1.1' ],
14 silly audit   'type-is': [ '1.6.18' ],
14 silly audit   undefsafe: [ '2.0.5' ],
14 silly audit   unpipe: [ '1.0.0' ],
14 silly audit   'util-deprecate': [ '1.0.2' ],
14 silly audit   'utils-merge': [ '1.0.1' ],
14 silly audit   vary: [ '1.1.2' ],
14 silly audit   'wide-align': [ '1.1.5' ],
14 silly audit   wrappy: [ '1.0.2' ],
14 silly audit   yallist: [ '4.0.0' ]
14 silly audit }
15 http fetch POST 200 https://registry.npmjs.org/-/npm/v1/security/advisories/bulk 1461ms
16 silly audit report {
16 silly audit report   send: [
16 silly audit report     {
16 silly audit report       id: 1099525,
16 silly audit report       url: 'https://github.com/advisories/GHSA-m6fv-jmcg-4jfg',
16 silly audit report       title: 'send vulnerable to template injection that can lead to XSS',
16 silly audit report       severity: 'moderate',
16 silly audit report       vulnerable_versions: '<0.19.0',
16 silly audit report       cwe: [Array],
16 silly audit report       cvss: [Object]
16 silly audit report     }
16 silly audit report   ]
16 silly audit report }
17 silly packumentCache corgi:https://registry.npmjs.org/send cache-miss
18 http fetch GET 200 https://registry.npmjs.org/send 27ms (cache hit)
19 silly packumentCache corgi:https://registry.npmjs.org/send set size:58787 disposed:false
20 warn audit Updating send to 0.19.0, which is a SemVer major change.
21 silly idealTree buildDeps
22 silly fetch manifest send@0.19.0
23 silly packumentCache full:https://registry.npmjs.org/send cache-miss
24 http fetch GET 200 https://registry.npmjs.org/send 25ms (cache hit)
25 silly packumentCache full:https://registry.npmjs.org/send set size:142675 disposed:false
26 silly placeDep ROOT send@0.19.0 REPLACE for: axia-backend-express@0.0.1 want: 0.19.0
27 silly reify mark retired [ '/Users/mac/node_modules/express/node_modules/ms' ]
28 silly reify mark retired [ '/Users/mac/node_modules/express/node_modules/send' ]
29 silly reify mark retired [ '/Users/mac/node_modules/send' ]
30 silly reify mark retired [ '/Users/mac/node_modules/serve-static/node_modules/ms' ]
31 silly reify mark retired [ '/Users/mac/node_modules/serve-static/node_modules/send' ]
32 silly reify moves {
32 silly reify   '/Users/mac/node_modules/express/node_modules/ms': '/Users/mac/node_modules/express/node_modules/.ms-1HMMCytg',
32 silly reify   '/Users/mac/node_modules/express/node_modules/send': '/Users/mac/node_modules/express/node_modules/.send-D8KTqRpS',
32 silly reify   '/Users/mac/node_modules/send': '/Users/mac/node_modules/.send-r2xWne6x',
32 silly reify   '/Users/mac/node_modules/serve-static/node_modules/ms': '/Users/mac/node_modules/serve-static/node_modules/.ms-FguC4hfJ',
32 silly reify   '/Users/mac/node_modules/serve-static/node_modules/send': '/Users/mac/node_modules/serve-static/node_modules/.send-u7Tid7eN'
32 silly reify }
33 silly audit bulk request {
33 silly audit   '@mapbox/node-pre-gyp': [ '1.0.11' ],
33 silly audit   '@mongodb-js/saslprep': [ '1.1.8' ],
33 silly audit   '@types/webidl-conversions': [ '7.0.3' ],
33 silly audit   '@types/whatwg-url': [ '11.0.5' ],
33 silly audit   abbrev: [ '1.1.1' ],
33 silly audit   accepts: [ '1.3.8' ],
33 silly audit   'agent-base': [ '6.0.2' ],
33 silly audit   debug: [ '4.3.6', '2.6.9', '4.3.5' ],
33 silly audit   ms: [ '2.1.2', '2.1.3', '2.0.0' ],
33 silly audit   'ansi-regex': [ '5.0.1' ],
33 silly audit   anymatch: [ '3.1.3' ],
33 silly audit   aproba: [ '2.0.0' ],
33 silly audit   'are-we-there-yet': [ '2.0.0' ],
33 silly audit   'array-flatten': [ '1.1.1' ],
33 silly audit   'balanced-match': [ '1.0.2' ],
33 silly audit   bcrypt: [ '5.1.1' ],
33 silly audit   bcryptjs: [ '2.4.3' ],
33 silly audit   'binary-extensions': [ '2.3.0' ],
33 silly audit   'body-parser': [ '1.20.3' ],
33 silly audit   'brace-expansion': [ '1.1.11' ],
33 silly audit   braces: [ '3.0.3' ],
33 silly audit   bson: [ '6.8.0' ],
33 silly audit   'buffer-equal-constant-time': [ '1.0.1' ],
33 silly audit   bytes: [ '3.1.2' ],
33 silly audit   'call-bind': [ '1.0.7' ],
33 silly audit   chokidar: [ '3.6.0' ],
33 silly audit   chownr: [ '2.0.0' ],
33 silly audit   'color-support': [ '1.1.3' ],
33 silly audit   'concat-map': [ '0.0.1' ],
33 silly audit   'console-control-strings': [ '1.1.0' ],
33 silly audit   'content-disposition': [ '0.5.4' ],
33 silly audit   'content-type': [ '1.0.5' ],
33 silly audit   cookie: [ '0.6.0', '0.4.1' ],
33 silly audit   'cookie-parser': [ '1.4.6' ],
33 silly audit   'cookie-signature': [ '1.0.6' ],
33 silly audit   'define-data-property': [ '1.1.4' ],
33 silly audit   delegates: [ '1.0.0' ],
33 silly audit   depd: [ '2.0.0' ],
33 silly audit   destroy: [ '1.2.0' ],
33 silly audit   'detect-libc': [ '2.0.3' ],
33 silly audit   dotenv: [ '16.4.5' ],
33 silly audit   'ecdsa-sig-formatter': [ '1.0.11' ],
33 silly audit   'ee-first': [ '1.1.1' ],
33 silly audit   'emoji-regex': [ '8.0.0' ],
33 silly audit   encodeurl: [ '1.0.2', '2.0.0' ],
33 silly audit   'es-define-property': [ '1.0.0' ],
33 silly audit   'es-errors': [ '1.3.0' ],
33 silly audit   'escape-html': [ '1.0.3' ],
33 silly audit   etag: [ '1.8.1' ],
33 silly audit   express: [ '4.21.0' ],
33 silly audit   send: [ '0.19.0' ],
33 silly audit   'fill-range': [ '7.1.1' ],
33 silly audit   finalhandler: [ '1.3.1' ],
33 silly audit   forwarded: [ '0.2.0' ],
33 silly audit   fresh: [ '0.5.2' ],
33 silly audit   'fs-minipass': [ '2.1.0' ],
33 silly audit   minipass: [ '3.3.6', '5.0.0' ],
33 silly audit   'fs.realpath': [ '1.0.0' ],
33 silly audit   fsevents: [ '2.3.3' ],
33 silly audit   'function-bind': [ '1.1.2' ],
33 silly audit   gauge: [ '3.0.2' ],
33 silly audit   'get-intrinsic': [ '1.2.4' ],
33 silly audit   glob: [ '7.2.3' ],
33 silly audit   'glob-parent': [ '5.1.2' ],
33 silly audit   gopd: [ '1.0.1' ],
33 silly audit   'has-flag': [ '3.0.0' ],
33 silly audit   'has-property-descriptors': [ '1.0.2' ],
33 silly audit   'has-proto': [ '1.0.3' ],
33 silly audit   'has-symbols': [ '1.0.3' ],
33 silly audit   'has-unicode': [ '2.0.1' ],
33 silly audit   hasown: [ '2.0.2' ],
33 silly audit   'http-errors': [ '2.0.0' ],
33 silly audit   'https-proxy-agent': [ '5.0.1' ],
33 silly audit   'iconv-lite': [ '0.4.24' ],
33 silly audit   'ignore-by-default': [ '1.0.1' ],
33 silly audit   inflight: [ '1.0.6' ],
33 silly audit   inherits: [ '2.0.4' ],
33 silly audit   'ipaddr.js': [ '1.9.1' ],
33 silly audit   'is-binary-path': [ '2.1.0' ],
33 silly audit   'is-extglob': [ '2.1.1' ],
33 silly audit   'is-fullwidth-code-point': [ '3.0.0' ],
33 silly audit   'is-glob': [ '4.0.3' ],
33 silly audit   'is-number': [ '7.0.0' ],
33 silly audit   jsonwebtoken: [ '9.0.2' ],
33 silly audit   jwa: [ '1.4.1' ],
33 silly audit   jws: [ '3.2.2' ],
33 silly audit   kareem: [ '2.6.3' ],
33 silly audit   'lodash.includes': [ '4.3.0' ],
33 silly audit   'lodash.isboolean': [ '3.0.3' ],
33 silly audit   'lodash.isinteger': [ '4.0.4' ],
33 silly audit   'lodash.isnumber': [ '3.0.3' ],
33 silly audit   'lodash.isplainobject': [ '4.0.6' ],
33 silly audit   'lodash.isstring': [ '4.0.1' ],
33 silly audit   'lodash.once': [ '4.1.1' ],
33 silly audit   'make-dir': [ '3.1.0' ],
33 silly audit   semver: [ '6.3.1', '7.6.3' ],
33 silly audit   'media-typer': [ '0.3.0' ],
33 silly audit   'memory-pager': [ '1.5.0' ],
33 silly audit   'merge-descriptors': [ '1.0.3' ],
33 silly audit   methods: [ '1.1.2' ],
33 silly audit   mime: [ '1.6.0' ],
33 silly audit   'mime-db': [ '1.52.0' ],
33 silly audit   'mime-types': [ '2.1.35' ],
33 silly audit   minimatch: [ '3.1.2' ],
33 silly audit   minizlib: [ '2.1.2' ],
33 silly audit   mkdirp: [ '1.0.4' ],
33 silly audit   mongodb: [ '6.7.0' ],
33 silly audit   'mongodb-connection-string-url': [ '3.0.1' ],
33 silly audit   mongoose: [ '8.5.2' ],
33 silly audit   mpath: [ '0.9.0' ],
33 silly audit   mquery: [ '5.0.0' ],
33 silly audit   negotiator: [ '0.6.3' ],
33 silly audit   'node-addon-api': [ '5.1.0' ],
33 silly audit   'node-fetch': [ '2.7.0' ],
33 silly audit   tr46: [ '0.0.3', '4.1.1' ],
33 silly audit   'webidl-conversions': [ '3.0.1', '7.0.0' ],
33 silly audit   'whatwg-url': [ '5.0.0', '13.0.0' ],
33 silly audit   nodemon: [ '3.1.4' ],
33 silly audit   nopt: [ '5.0.0' ],
33 silly audit   'normalize-path': [ '3.0.0' ],
33 silly audit   npmlog: [ '5.0.1' ],
33 silly audit   'object-assign': [ '4.1.1' ],
33 silly audit   'object-inspect': [ '1.13.2' ],
33 silly audit   'on-finished': [ '2.4.1' ],
33 silly audit   once: [ '1.4.0' ],
33 silly audit   parseurl: [ '1.3.3' ],
33 silly audit   'path-is-absolute': [ '1.0.1' ],
33 silly audit   'path-to-regexp': [ '0.1.10' ],
33 silly audit   picomatch: [ '2.3.1' ],
33 silly audit   prettier: [ '3.3.3' ],
33 silly audit   'proxy-addr': [ '2.0.7' ],
33 silly audit   'pstree.remy': [ '1.1.8' ],
33 silly audit   punycode: [ '2.3.1' ],
33 silly audit   qs: [ '6.13.0' ],
33 silly audit   'range-parser': [ '1.2.1' ],
33 silly audit   'raw-body': [ '2.5.2' ],
33 silly audit   'readable-stream': [ '3.6.2' ],
33 silly audit   readdirp: [ '3.6.0' ],
33 silly audit   rimraf: [ '3.0.2' ],
33 silly audit   'safe-buffer': [ '5.2.1' ],
33 silly audit   'safer-buffer': [ '2.1.2' ],
33 silly audit   'serve-static': [ '1.16.2' ],
33 silly audit   'set-blocking': [ '2.0.0' ],
33 silly audit   'set-function-length': [ '1.2.2' ],
33 silly audit   setprototypeof: [ '1.2.0' ],
33 silly audit   'side-channel': [ '1.0.6' ],
33 silly audit   sift: [ '17.1.3' ],
33 silly audit   'signal-exit': [ '3.0.7' ],
33 silly audit   'simple-update-notifier': [ '2.0.0' ],
33 silly audit   'sparse-bitfield': [ '3.0.3' ],
33 silly audit   statuses: [ '2.0.1' ],
33 silly audit   string_decoder: [ '1.3.0' ],
33 silly audit   'string-width': [ '4.2.3' ],
33 silly audit   'strip-ansi': [ '6.0.1' ],
33 silly audit   'supports-color': [ '5.5.0' ],
33 silly audit   tar: [ '6.2.1' ],
33 silly audit   'to-regex-range': [ '5.0.1' ],
33 silly audit   toidentifier: [ '1.0.1' ],
33 silly audit   touch: [ '3.1.1' ],
33 silly audit   'type-is': [ '1.6.18' ],
33 silly audit   undefsafe: [ '2.0.5' ],
33 silly audit   unpipe: [ '1.0.0' ],
33 silly audit   'util-deprecate': [ '1.0.2' ],
33 silly audit   'utils-merge': [ '1.0.1' ],
33 silly audit   vary: [ '1.1.2' ],
33 silly audit   'wide-align': [ '1.1.5' ],
33 silly audit   wrappy: [ '1.0.2' ],
33 silly audit   yallist: [ '4.0.0' ]
33 silly audit }
34 http fetch POST 200 https://registry.npmjs.org/-/npm/v1/security/advisories/bulk 379ms
35 silly audit report {}
36 silly REMOVE node_modules/serve-static/node_modules/send
37 silly REMOVE node_modules/serve-static/node_modules/send/node_modules/encodeurl
38 silly REMOVE node_modules/serve-static/node_modules/ms
39 silly CHANGE node_modules/send
40 silly REMOVE node_modules/express/node_modules/send
41 silly REMOVE node_modules/express/node_modules/send/node_modules/encodeurl
42 silly REMOVE node_modules/express/node_modules/ms
43 verbose cwd /Users/mac
44 verbose os Darwin 19.4.0
45 verbose node v20.15.1
46 verbose npm  v10.8.3
47 verbose exit 0
48 info ok
