0 verbose cli /usr/local/bin/node /usr/local/bin/npm
1 info using npm@10.7.0
2 info using node@v20.15.1
3 silly config:load:file:/usr/local/lib/node_modules/npm/npmrc
4 silly config:load:file:/Users/mac/.npmrc
5 silly config:load:file:/usr/local/etc/npmrc
6 verbose title npm i npm@10.8.3
7 verbose argv "i" "--global" "npm@10.8.3"
8 verbose logfile logs-max:10 dir:/Users/mac/.npm/_logs/2024-09-20T10_44_46_584Z-
9 verbose logfile /Users/mac/.npm/_logs/2024-09-20T10_44_46_584Z-debug-0.log
10 silly logfile start cleaning logs, removing 1 files
11 silly logfile done cleaning log files
12 http fetch GET 200 https://registry.npmjs.org/npm 2771ms (cache miss)
13 silly idealTree buildDeps
14 silly fetch manifest npm@10.8.3
15 http fetch GET 200 https://registry.npmjs.org/npm 114141ms (cache miss)
16 silly placeDep ROOT npm@10.8.3 OK for:  want: 10.8.3
17 silly reify mark retired [
17 silly reify   '/usr/local/lib/node_modules/npm',
17 silly reify   '/usr/local/bin/npm',
17 silly reify   '/usr/local/bin/npx'
17 silly reify ]
18 silly reify moves {
18 silly reify   '/usr/local/lib/node_modules/npm': '/usr/local/lib/node_modules/.npm-i9nnxROI',
18 silly reify   '/usr/local/bin/npm': '/usr/local/bin/.npm-uJtxIR1m',
18 silly reify   '/usr/local/bin/npx': '/usr/local/bin/.npx-xXo12k2C'
18 silly reify }
19 silly tarball no local data for npm@https://registry.npmjs.org/npm/-/npm-10.8.3.tgz. Extracting by manifest.
20 http fetch GET 200 https://registry.npmjs.org/npm/-/npm-10.8.3.tgz 20665ms (cache miss)
21 silly CHANGE node_modules/npm
22 silly CHANGE node_modules/npm/node_modules/@tufjs/models
23 silly CHANGE node_modules/npm/node_modules/@sigstore/verify
24 silly CHANGE node_modules/npm/node_modules/@sigstore/sign
25 silly CHANGE node_modules/npm/node_modules/@sigstore/protobuf-specs
26 silly CHANGE node_modules/npm/node_modules/@sigstore/tuf
27 silly CHANGE node_modules/npm/node_modules/@sigstore/bundle
28 silly CHANGE node_modules/npm/node_modules/@npmcli/promise-spawn
29 silly CHANGE node_modules/npm/node_modules/@npmcli/redact
30 silly CHANGE node_modules/npm/node_modules/@npmcli/package-json
31 silly CHANGE node_modules/npm/node_modules/@npmcli/metavuln-calculator
32 silly CHANGE node_modules/npm/node_modules/@npmcli/installed-package-contents
33 silly CHANGE node_modules/npm/node_modules/@npmcli/git
34 silly CHANGE node_modules/npm/node_modules/@npmcli/fs
35 silly CHANGE node_modules/npm/node_modules/@npmcli/config
36 silly CHANGE node_modules/npm/node_modules/@npmcli/arborist
37 silly CHANGE node_modules/npm/node_modules/which
38 silly CHANGE node_modules/npm/node_modules/validate-npm-package-name
39 silly CHANGE node_modules/npm/node_modules/tuf-js
40 silly CHANGE node_modules/npm/node_modules/ssri
41 silly CHANGE node_modules/npm/node_modules/spdx-license-ids
42 silly CHANGE node_modules/npm/node_modules/socks-proxy-agent
43 silly CHANGE node_modules/npm/node_modules/sigstore
44 silly CHANGE node_modules/npm/node_modules/semver
45 silly REMOVE node_modules/npm/node_modules/semver/node_modules/lru-cache
46 silly CHANGE node_modules/npm/node_modules/qrcode-terminal
47 silly CHANGE node_modules/npm/node_modules/promzard
48 silly CHANGE node_modules/npm/node_modules/postcss-selector-parser
49 silly CHANGE node_modules/npm/node_modules/pacote
50 silly CHANGE node_modules/npm/node_modules/npm-profile
51 silly CHANGE node_modules/npm/node_modules/path-scurry
52 silly CHANGE node_modules/npm/node_modules/npm-user-validate
53 silly CHANGE node_modules/npm/node_modules/npm-registry-fetch
54 silly CHANGE node_modules/npm/node_modules/npm-pick-manifest
55 silly CHANGE node_modules/npm/node_modules/npm-package-arg
56 silly CHANGE node_modules/npm/node_modules/normalize-package-data
57 silly CHANGE node_modules/npm/node_modules/npm-bundled
58 silly CHANGE node_modules/npm/node_modules/nopt
59 silly CHANGE node_modules/npm/node_modules/node-gyp
60 silly REMOVE node_modules/npm/node_modules/node-gyp/node_modules/proc-log
61 silly CHANGE node_modules/npm/node_modules/mkdirp
62 silly CHANGE node_modules/npm/node_modules/minipass-fetch
63 silly REMOVE node_modules/npm/node_modules/minipass-json-stream
64 silly REMOVE node_modules/npm/node_modules/minipass-json-stream/node_modules/minipass
65 silly CHANGE node_modules/npm/node_modules/minimatch
66 silly CHANGE node_modules/npm/node_modules/minipass
67 silly CHANGE node_modules/npm/node_modules/lru-cache
68 silly CHANGE node_modules/npm/node_modules/libnpmteam
69 silly CHANGE node_modules/npm/node_modules/libnpmversion
70 silly CHANGE node_modules/npm/node_modules/libnpmorg
71 silly CHANGE node_modules/npm/node_modules/libnpmsearch
72 silly CHANGE node_modules/npm/node_modules/libnpmpack
73 silly CHANGE node_modules/npm/node_modules/libnpmpublish
74 silly CHANGE node_modules/npm/node_modules/libnpmhook
75 silly CHANGE node_modules/npm/node_modules/libnpmdiff
76 silly CHANGE node_modules/npm/node_modules/libnpmexec
77 silly CHANGE node_modules/npm/node_modules/libnpmaccess
78 silly CHANGE node_modules/npm/node_modules/libnpmfund
79 silly CHANGE node_modules/npm/node_modules/json-parse-even-better-errors
80 silly CHANGE node_modules/npm/node_modules/jackspeak
81 silly REMOVE node_modules/npm/node_modules/is-core-module
82 silly CHANGE node_modules/npm/node_modules/init-package-json
83 silly CHANGE node_modules/npm/node_modules/is-cidr
84 silly CHANGE node_modules/npm/node_modules/ini
85 silly CHANGE node_modules/npm/node_modules/ignore-walk
86 silly CHANGE node_modules/npm/node_modules/https-proxy-agent
87 silly REMOVE node_modules/npm/node_modules/hasown
88 silly CHANGE node_modules/npm/node_modules/hosted-git-info
89 silly CHANGE node_modules/npm/node_modules/glob
90 silly CHANGE node_modules/npm/node_modules/cross-spawn/node_modules/which
91 silly REMOVE node_modules/npm/node_modules/function-bind
92 silly CHANGE node_modules/npm/node_modules/foreground-child
93 silly CHANGE node_modules/npm/node_modules/debug
94 silly CHANGE node_modules/npm/node_modules/cssesc
95 silly CHANGE node_modules/npm/node_modules/cidr-regex
96 silly CHANGE node_modules/npm/node_modules/cmd-shim
97 silly CHANGE node_modules/npm/node_modules/cacache
98 silly REMOVE node_modules/npm/node_modules/builtins
99 silly CHANGE node_modules/npm/node_modules/bin-links
100 verbose exit 0
101 info ok
