0 verbose cli /usr/local/bin/node /usr/local/bin/npm
1 info using npm@10.9.0
2 info using node@v20.15.1
3 silly config load:file:/usr/local/lib/node_modules/npm/npmrc
4 silly config load:file:/Users/mac/.npmrc
5 silly config load:file:/usr/local/etc/npmrc
6 verbose title npm i google-auth-library
7 verbose argv "i" "google-auth-library"
8 verbose logfile logs-max:10 dir:/Users/mac/.npm/_logs/2024-11-06T09_48_48_014Z-
9 verbose logfile /Users/mac/.npm/_logs/2024-11-06T09_48_48_014Z-debug-0.log
10 silly logfile start cleaning logs, removing 1 files
11 silly packumentCache heap:2197815296 maxSize:549453824 maxEntrySize:274726912
12 silly logfile done cleaning log files
13 silly idealTree buildDeps
14 silly fetch manifest google-auth-library@*
15 silly packumentCache full:https://registry.npmjs.org/google-auth-library cache-miss
16 http fetch GET 200 https://registry.npmjs.org/google-auth-library 992ms (cache miss)
17 silly packumentCache full:https://registry.npmjs.org/google-auth-library set size:undefined disposed:false
18 silly placeDep ROOT google-auth-library@9.14.2 OK for: axia-backend-express@0.0.1 want: *
19 silly fetch manifest base64-js@^1.3.0
20 silly packumentCache full:https://registry.npmjs.org/base64-js cache-miss
21 silly fetch manifest gaxios@^6.1.1
22 silly packumentCache full:https://registry.npmjs.org/gaxios cache-miss
23 silly fetch manifest gcp-metadata@^6.1.0
24 silly packumentCache full:https://registry.npmjs.org/gcp-metadata cache-miss
25 http fetch GET 200 https://registry.npmjs.org/base64-js 242ms (cache miss)
26 silly packumentCache full:https://registry.npmjs.org/base64-js set size:undefined disposed:false
27 silly fetch manifest gtoken@^7.0.0
28 silly packumentCache full:https://registry.npmjs.org/gtoken cache-miss
29 http fetch GET 200 https://registry.npmjs.org/gcp-metadata 286ms (cache revalidated)
30 silly packumentCache full:https://registry.npmjs.org/gcp-metadata set size:164247 disposed:false
31 silly fetch manifest jws@^4.0.0
32 silly packumentCache full:https://registry.npmjs.org/jws cache-miss
33 http fetch GET 200 https://registry.npmjs.org/jws 73ms (cache revalidated)
34 silly packumentCache full:https://registry.npmjs.org/jws set size:45708 disposed:false
35 http fetch GET 200 https://registry.npmjs.org/gaxios 471ms (cache miss)
36 silly packumentCache full:https://registry.npmjs.org/gaxios set size:undefined disposed:false
37 http fetch GET 200 https://registry.npmjs.org/gtoken 233ms (cache miss)
38 silly packumentCache full:https://registry.npmjs.org/gtoken set size:undefined disposed:false
39 silly placeDep ROOT base64-js@1.5.1 OK for: google-auth-library@9.14.2 want: ^1.3.0
40 silly placeDep ROOT gaxios@6.7.1 OK for: google-auth-library@9.14.2 want: ^6.1.1
41 silly placeDep ROOT gcp-metadata@6.1.0 OK for: google-auth-library@9.14.2 want: ^6.1.0
42 silly placeDep ROOT gtoken@7.1.0 OK for: google-auth-library@9.14.2 want: ^7.0.0
43 silly placeDep node_modules/google-auth-library jws@4.0.0 OK for: google-auth-library@9.14.2 want: ^4.0.0
44 silly fetch manifest uuid@^9.0.1
45 silly packumentCache full:https://registry.npmjs.org/uuid cache-miss
46 silly fetch manifest extend@^3.0.2
47 silly packumentCache full:https://registry.npmjs.org/extend cache-miss
48 silly fetch manifest is-stream@^2.0.0
49 silly packumentCache full:https://registry.npmjs.org/is-stream cache-miss
50 http fetch GET 200 https://registry.npmjs.org/is-stream 100ms (cache miss)
51 silly packumentCache full:https://registry.npmjs.org/is-stream set size:undefined disposed:false
52 silly fetch manifest https-proxy-agent@^7.0.1
53 silly packumentCache full:https://registry.npmjs.org/https-proxy-agent cache-miss
54 http fetch GET 200 https://registry.npmjs.org/extend 112ms (cache miss)
55 silly packumentCache full:https://registry.npmjs.org/extend set size:undefined disposed:false
56 silly fetch manifest json-bigint@^1.0.0
57 silly packumentCache full:https://registry.npmjs.org/json-bigint cache-miss
58 http fetch GET 200 https://registry.npmjs.org/https-proxy-agent 108ms (cache revalidated)
59 silly packumentCache full:https://registry.npmjs.org/https-proxy-agent set size:73945 disposed:false
60 silly fetch manifest jwa@^2.0.0
61 silly packumentCache full:https://registry.npmjs.org/jwa cache-miss
62 http fetch GET 200 https://registry.npmjs.org/uuid 235ms (cache updated)
63 silly packumentCache full:https://registry.npmjs.org/uuid set size:undefined disposed:false
64 http fetch GET 200 https://registry.npmjs.org/json-bigint 205ms (cache miss)
65 silly packumentCache full:https://registry.npmjs.org/json-bigint set size:undefined disposed:false
66 http fetch GET 200 https://registry.npmjs.org/jwa 189ms (cache revalidated)
67 silly packumentCache full:https://registry.npmjs.org/jwa set size:41553 disposed:false
68 silly placeDep ROOT extend@3.0.2 OK for: gaxios@6.7.1 want: ^3.0.2
69 silly placeDep node_modules/gaxios https-proxy-agent@7.0.5 OK for: gaxios@6.7.1 want: ^7.0.1
70 silly placeDep ROOT is-stream@2.0.1 OK for: gaxios@6.7.1 want: ^2.0.0
71 silly placeDep node_modules/gaxios uuid@9.0.1 OK for: gaxios@6.7.1 want: ^9.0.1
72 silly fetch manifest agent-base@^7.0.2
73 silly packumentCache full:https://registry.npmjs.org/agent-base cache-miss
74 silly fetch manifest debug@4
75 silly packumentCache full:https://registry.npmjs.org/debug cache-miss
76 http fetch GET 200 https://registry.npmjs.org/debug 126ms (cache updated)
77 silly packumentCache full:https://registry.npmjs.org/debug set size:undefined disposed:false
78 http fetch GET 200 https://registry.npmjs.org/agent-base 209ms (cache revalidated)
79 silly packumentCache full:https://registry.npmjs.org/agent-base set size:61059 disposed:false
80 silly placeDep ROOT json-bigint@1.0.0 OK for: gcp-metadata@6.1.0 want: ^1.0.0
81 silly fetch manifest bignumber.js@^9.0.0
82 silly packumentCache full:https://registry.npmjs.org/bignumber.js cache-miss
83 http fetch GET 200 https://registry.npmjs.org/bignumber.js 183ms (cache miss)
84 silly packumentCache full:https://registry.npmjs.org/bignumber.js set size:undefined disposed:false
85 silly placeDep node_modules/gtoken jws@4.0.0 OK for: gtoken@7.1.0 want: ^4.0.0
86 silly placeDep ROOT bignumber.js@9.1.2 OK for: json-bigint@1.0.0 want: ^9.0.0
87 silly fetch manifest gcp-metadata@^5.2.0
88 silly packumentCache full:https://registry.npmjs.org/gcp-metadata cache-hit
89 silly placeDep ROOT gcp-metadata@5.3.0 REPLACE for: mongodb@6.7.0 want: ^5.2.0
90 silly fetch manifest gaxios@^5.0.0
91 silly packumentCache full:https://registry.npmjs.org/gaxios cache-miss
92 http fetch GET 200 https://registry.npmjs.org/gaxios 5ms (cache hit)
93 silly packumentCache full:https://registry.npmjs.org/gaxios set size:294076 disposed:false
94 silly placeDep node_modules/gcp-metadata gaxios@5.1.3 OK for: gcp-metadata@5.3.0 want: ^5.0.0
95 silly placeDep node_modules/google-auth-library gcp-metadata@6.1.0 OK for: google-auth-library@9.14.2 want: ^6.1.0
96 silly placeDep node_modules/gaxios agent-base@7.1.1 OK for: https-proxy-agent@7.0.5 want: ^7.0.2
97 silly placeDep node_modules/gaxios debug@4.3.7 OK for: https-proxy-agent@7.0.5 want: 4
98 silly fetch manifest debug@^4.3.4
99 silly packumentCache full:https://registry.npmjs.org/debug cache-miss
100 silly fetch manifest ms@^2.1.3
101 silly packumentCache full:https://registry.npmjs.org/ms cache-miss
102 http fetch GET 200 https://registry.npmjs.org/debug 10ms (cache hit)
103 silly packumentCache full:https://registry.npmjs.org/debug set size:188929 disposed:false
104 http fetch GET 200 https://registry.npmjs.org/ms 93ms (cache revalidated)
105 silly packumentCache full:https://registry.npmjs.org/ms set size:84885 disposed:false
106 silly placeDep node_modules/gaxios ms@2.1.3 OK for: debug@4.3.7 want: ^2.1.3
107 silly placeDep node_modules/google-auth-library jwa@2.0.0 OK for: jws@4.0.0 want: ^2.0.0
108 silly placeDep node_modules/gtoken jwa@2.0.0 OK for: jws@4.0.0 want: ^2.0.0
109 silly reify moves {}
110 silly audit bulk request {
110 silly audit   '@mapbox/node-pre-gyp': [ '1.0.11' ],
110 silly audit   '@mongodb-js/saslprep': [ '1.1.8' ],
110 silly audit   '@types/webidl-conversions': [ '7.0.3' ],
110 silly audit   '@types/whatwg-url': [ '11.0.5' ],
110 silly audit   abbrev: [ '1.1.1' ],
110 silly audit   accepts: [ '1.3.8' ],
110 silly audit   'agent-base': [ '6.0.2', '7.1.1' ],
110 silly audit   debug: [ '4.3.6', '2.6.9', '4.3.5', '4.3.7' ],
110 silly audit   ms: [ '2.1.2', '2.1.3', '2.0.0' ],
110 silly audit   'ansi-regex': [ '5.0.1' ],
110 silly audit   anymatch: [ '3.1.3' ],
110 silly audit   aproba: [ '2.0.0' ],
110 silly audit   'are-we-there-yet': [ '2.0.0' ],
110 silly audit   'array-flatten': [ '1.1.1' ],
110 silly audit   asynckit: [ '0.4.0' ],
110 silly audit   axios: [ '1.7.7' ],
110 silly audit   'balanced-match': [ '1.0.2' ],
110 silly audit   bcrypt: [ '5.1.1' ],
110 silly audit   bcryptjs: [ '2.4.3' ],
110 silly audit   'binary-extensions': [ '2.3.0' ],
110 silly audit   'body-parser': [ '1.20.3', '1.20.2' ],
110 silly audit   qs: [ '6.13.0', '6.11.0' ],
110 silly audit   'brace-expansion': [ '1.1.11' ],
110 silly audit   braces: [ '3.0.3' ],
110 silly audit   bson: [ '6.8.0' ],
110 silly audit   'buffer-equal-constant-time': [ '1.0.1' ],
110 silly audit   bytes: [ '3.1.2' ],
110 silly audit   'call-bind': [ '1.0.7' ],
110 silly audit   chokidar: [ '3.6.0' ],
110 silly audit   chownr: [ '2.0.0' ],
110 silly audit   'color-support': [ '1.1.3' ],
110 silly audit   'combined-stream': [ '1.0.8' ],
110 silly audit   'concat-map': [ '0.0.1' ],
110 silly audit   'console-control-strings': [ '1.1.0' ],
110 silly audit   'content-disposition': [ '0.5.4' ],
110 silly audit   'content-type': [ '1.0.5' ],
110 silly audit   cookie: [ '0.6.0', '0.4.1' ],
110 silly audit   'cookie-parser': [ '1.4.6' ],
110 silly audit   'cookie-signature': [ '1.0.6' ],
110 silly audit   cors: [ '2.8.5' ],
110 silly audit   'define-data-property': [ '1.1.4' ],
110 silly audit   'delayed-stream': [ '1.0.0' ],
110 silly audit   delegates: [ '1.0.0' ],
110 silly audit   depd: [ '2.0.0' ],
110 silly audit   destroy: [ '1.2.0' ],
110 silly audit   'detect-libc': [ '2.0.3' ],
110 silly audit   dotenv: [ '16.4.5' ],
110 silly audit   'ecdsa-sig-formatter': [ '1.0.11' ],
110 silly audit   'ee-first': [ '1.1.1' ],
110 silly audit   'emoji-regex': [ '8.0.0' ],
110 silly audit   encodeurl: [ '1.0.2' ],
110 silly audit   'es-define-property': [ '1.0.0' ],
110 silly audit   'es-errors': [ '1.3.0' ],
110 silly audit   'escape-html': [ '1.0.3' ],
110 silly audit   etag: [ '1.8.1' ],
110 silly audit   express: [ '4.19.2' ],
110 silly audit   'fill-range': [ '7.1.1' ],
110 silly audit   finalhandler: [ '1.2.0' ],
110 silly audit   'follow-redirects': [ '1.15.9' ],
110 silly audit   'form-data': [ '4.0.0' ],
110 silly audit   forwarded: [ '0.2.0' ],
110 silly audit   fresh: [ '0.5.2' ],
110 silly audit   'fs-minipass': [ '2.1.0' ],
110 silly audit   minipass: [ '3.3.6', '5.0.0' ],
110 silly audit   'fs.realpath': [ '1.0.0' ],
110 silly audit   fsevents: [ '2.3.3' ],
110 silly audit   'function-bind': [ '1.1.2' ],
110 silly audit   gauge: [ '3.0.2' ],
110 silly audit   'get-intrinsic': [ '1.2.4' ],
110 silly audit   glob: [ '7.2.3' ],
110 silly audit   'glob-parent': [ '5.1.2' ],
110 silly audit   gopd: [ '1.0.1' ],
110 silly audit   'has-flag': [ '3.0.0' ],
110 silly audit   'has-property-descriptors': [ '1.0.2' ],
110 silly audit   'has-proto': [ '1.0.3' ],
110 silly audit   'has-symbols': [ '1.0.3' ],
110 silly audit   'has-unicode': [ '2.0.1' ],
110 silly audit   hasown: [ '2.0.2' ],
110 silly audit   'http-errors': [ '2.0.0' ],
110 silly audit   'https-proxy-agent': [ '5.0.1', '7.0.5' ],
110 silly audit   'iconv-lite': [ '0.4.24' ],
110 silly audit   'ignore-by-default': [ '1.0.1' ],
110 silly audit   inflight: [ '1.0.6' ],
110 silly audit   inherits: [ '2.0.4' ],
110 silly audit   'ipaddr.js': [ '1.9.1' ],
110 silly audit   'is-binary-path': [ '2.1.0' ],
110 silly audit   'is-extglob': [ '2.1.1' ],
110 silly audit   'is-fullwidth-code-point': [ '3.0.0' ],
110 silly audit   'is-glob': [ '4.0.3' ],
110 silly audit   'is-number': [ '7.0.0' ],
110 silly audit   jsonwebtoken: [ '9.0.2' ],
110 silly audit   jwa: [ '1.4.1', '2.0.0' ],
110 silly audit   jws: [ '3.2.2', '4.0.0' ],
110 silly audit   kareem: [ '2.6.3' ],
110 silly audit   'lodash.includes': [ '4.3.0' ],
110 silly audit   'lodash.isboolean': [ '3.0.3' ],
110 silly audit   'lodash.isinteger': [ '4.0.4' ],
110 silly audit   'lodash.isnumber': [ '3.0.3' ],
110 silly audit   'lodash.isplainobject': [ '4.0.6' ],
110 silly audit   'lodash.isstring': [ '4.0.1' ],
110 silly audit   'lodash.once': [ '4.1.1' ],
110 silly audit   'make-dir': [ '3.1.0' ],
110 silly audit   semver: [ '6.3.1', '7.6.3' ],
110 silly audit   'media-typer': [ '0.3.0' ],
110 silly audit   'memory-pager': [ '1.5.0' ],
110 silly audit   'merge-descriptors': [ '1.0.1' ],
110 silly audit   methods: [ '1.1.2' ],
110 silly audit   mime: [ '1.6.0' ],
110 silly audit   'mime-db': [ '1.52.0' ],
110 silly audit   'mime-types': [ '2.1.35' ],
110 silly audit   minimatch: [ '3.1.2' ],
110 silly audit   minizlib: [ '2.1.2' ],
110 silly audit   mkdirp: [ '1.0.4' ],
110 silly audit   mongodb: [ '6.7.0' ],
110 silly audit   'mongodb-connection-string-url': [ '3.0.1' ],
110 silly audit   mongoose: [ '8.5.2' ],
110 silly audit   mpath: [ '0.9.0' ],
110 silly audit   mquery: [ '5.0.0' ],
110 silly audit   negotiator: [ '0.6.3' ],
110 silly audit   'node-addon-api': [ '5.1.0' ],
110 silly audit   'node-cron': [ '3.0.3' ],
110 silly audit   'node-fetch': [ '2.7.0' ],
110 silly audit   tr46: [ '0.0.3', '4.1.1' ],
110 silly audit   'webidl-conversions': [ '3.0.1', '7.0.0' ],
110 silly audit   'whatwg-url': [ '5.0.0', '13.0.0' ],
110 silly audit   nodemailer: [ '6.9.15' ],
110 silly audit   nodemon: [ '3.1.4' ],
110 silly audit   nopt: [ '5.0.0' ],
110 silly audit   'normalize-path': [ '3.0.0' ],
110 silly audit   npmlog: [ '5.0.1' ],
110 silly audit   'object-assign': [ '4.1.1' ],
110 silly audit   'object-inspect': [ '1.13.2' ],
110 silly audit   'on-finished': [ '2.4.1' ],
110 silly audit   once: [ '1.4.0' ],
110 silly audit   parseurl: [ '1.3.3' ],
110 silly audit   'path-is-absolute': [ '1.0.1' ],
110 silly audit   'path-to-regexp': [ '0.1.7' ],
110 silly audit   picomatch: [ '2.3.1' ],
110 silly audit   prettier: [ '3.3.3' ],
110 silly audit   'proxy-addr': [ '2.0.7' ],
110 silly audit   'proxy-from-env': [ '1.1.0' ],
110 silly audit   'pstree.remy': [ '1.1.8' ],
110 silly audit   punycode: [ '2.3.1' ],
110 silly audit   'range-parser': [ '1.2.1' ],
110 silly audit   'raw-body': [ '2.5.2' ],
110 silly audit   'readable-stream': [ '3.6.2' ],
110 silly audit   readdirp: [ '3.6.0' ],
110 silly audit   rimraf: [ '3.0.2' ],
110 silly audit   'safe-buffer': [ '5.2.1' ],
110 silly audit   'safer-buffer': [ '2.1.2' ],
110 silly audit   send: [ '0.18.0' ],
110 silly audit   'serve-static': [ '1.15.0' ],
110 silly audit   'set-blocking': [ '2.0.0' ],
110 silly audit   'set-function-length': [ '1.2.2' ],
110 silly audit   setprototypeof: [ '1.2.0' ],
110 silly audit   'side-channel': [ '1.0.6' ],
110 silly audit   sift: [ '17.1.3' ],
110 silly audit   'signal-exit': [ '3.0.7' ],
110 silly audit   'simple-update-notifier': [ '2.0.0' ],
110 silly audit   'sparse-bitfield': [ '3.0.3' ],
110 silly audit   statuses: [ '2.0.1' ],
110 silly audit   string_decoder: [ '1.3.0' ],
110 silly audit   'string-width': [ '4.2.3' ],
110 silly audit   'strip-ansi': [ '6.0.1' ],
110 silly audit   'supports-color': [ '5.5.0' ],
110 silly audit   tar: [ '6.2.1' ],
110 silly audit   'to-regex-range': [ '5.0.1' ],
110 silly audit   toidentifier: [ '1.0.1' ],
110 silly audit   touch: [ '3.1.1' ],
110 silly audit   'type-is': [ '1.6.18' ],
110 silly audit   typescript: [ '5.6.2' ],
110 silly audit   undefsafe: [ '2.0.5' ],
110 silly audit   unpipe: [ '1.0.0' ],
110 silly audit   'util-deprecate': [ '1.0.2' ],
110 silly audit   'utils-merge': [ '1.0.1' ],
110 silly audit   uuid: [ '8.3.2', '9.0.1' ],
110 silly audit   vary: [ '1.1.2' ],
110 silly audit   'wide-align': [ '1.1.5' ],
110 silly audit   wrappy: [ '1.0.2' ],
110 silly audit   yallist: [ '4.0.0' ],
110 silly audit   'google-auth-library': [ '9.14.2' ],
110 silly audit   'base64-js': [ '1.5.1' ],
110 silly audit   gaxios: [ '6.7.1', '5.1.3' ],
110 silly audit   gtoken: [ '7.1.0' ],
110 silly audit   extend: [ '3.0.2' ],
110 silly audit   'is-stream': [ '2.0.1' ],
110 silly audit   'json-bigint': [ '1.0.0' ],
110 silly audit   'bignumber.js': [ '9.1.2' ],
110 silly audit   'gcp-metadata': [ '5.3.0', '6.1.0' ]
110 silly audit }
111 silly tarball no local data for bignumber.js@https://registry.npmjs.org/bignumber.js/-/bignumber.js-9.1.2.tgz. Extracting by manifest.
112 silly tarball no local data for gcp-metadata@https://registry.npmjs.org/gcp-metadata/-/gcp-metadata-5.3.0.tgz. Extracting by manifest.
113 silly tarball no local data for gtoken@https://registry.npmjs.org/gtoken/-/gtoken-7.1.0.tgz. Extracting by manifest.
114 silly tarball no local data for gaxios@https://registry.npmjs.org/gaxios/-/gaxios-6.7.1.tgz. Extracting by manifest.
115 silly tarball no local data for google-auth-library@https://registry.npmjs.org/google-auth-library/-/google-auth-library-9.14.2.tgz. Extracting by manifest.
116 silly tarball no local data for jws@https://registry.npmjs.org/jws/-/jws-4.0.0.tgz. Extracting by manifest.
117 silly tarball no local data for debug@https://registry.npmjs.org/debug/-/debug-4.3.7.tgz. Extracting by manifest.
118 silly tarball no local data for json-bigint@https://registry.npmjs.org/json-bigint/-/json-bigint-1.0.0.tgz. Extracting by manifest.
119 silly tarball no local data for agent-base@https://registry.npmjs.org/agent-base/-/agent-base-7.1.1.tgz. Extracting by manifest.
120 silly tarball no local data for is-stream@https://registry.npmjs.org/is-stream/-/is-stream-2.0.1.tgz. Extracting by manifest.
121 silly tarball no local data for extend@https://registry.npmjs.org/extend/-/extend-3.0.2.tgz. Extracting by manifest.
122 silly tarball no local data for https-proxy-agent@https://registry.npmjs.org/https-proxy-agent/-/https-proxy-agent-7.0.5.tgz. Extracting by manifest.
123 silly tarball no local data for jws@https://registry.npmjs.org/jws/-/jws-4.0.0.tgz. Extracting by manifest.
124 silly tarball no local data for uuid@https://registry.npmjs.org/uuid/-/uuid-9.0.1.tgz. Extracting by manifest.
125 silly tarball no local data for jwa@https://registry.npmjs.org/jwa/-/jwa-2.0.0.tgz. Extracting by manifest.
126 silly tarball no local data for gcp-metadata@https://registry.npmjs.org/gcp-metadata/-/gcp-metadata-6.1.0.tgz. Extracting by manifest.
127 silly tarball no local data for jwa@https://registry.npmjs.org/jwa/-/jwa-2.0.0.tgz. Extracting by manifest.
128 silly tarball no local data for base64-js@https://registry.npmjs.org/base64-js/-/base64-js-1.5.1.tgz. Extracting by manifest.
129 silly tarball no local data for gaxios@https://registry.npmjs.org/gaxios/-/gaxios-5.1.3.tgz. Extracting by manifest.
130 http fetch GET 200 https://registry.npmjs.org/gcp-metadata/-/gcp-metadata-5.3.0.tgz 197ms (cache miss)
131 http fetch GET 200 https://registry.npmjs.org/bignumber.js/-/bignumber.js-9.1.2.tgz 250ms (cache miss)
132 http fetch POST 200 https://registry.npmjs.org/-/npm/v1/security/advisories/bulk 358ms
133 silly audit report {
133 silly audit report   'body-parser': [
133 silly audit report     {
133 silly audit report       id: 1099520,
133 silly audit report       url: 'https://github.com/advisories/GHSA-qwcr-r2fm-qrc7',
133 silly audit report       title: 'body-parser vulnerable to denial of service when url encoding is enabled',
133 silly audit report       severity: 'high',
133 silly audit report       vulnerable_versions: '<1.20.3',
133 silly audit report       cwe: [Array],
133 silly audit report       cvss: [Object]
133 silly audit report     }
133 silly audit report   ],
133 silly audit report   cookie: [
133 silly audit report     {
133 silly audit report       id: 1099846,
133 silly audit report       url: 'https://github.com/advisories/GHSA-pxg6-pf52-xh8x',
133 silly audit report       title: 'cookie accepts cookie name, path, and domain with out of bounds characters',
133 silly audit report       severity: 'low',
133 silly audit report       vulnerable_versions: '<0.7.0',
133 silly audit report       cwe: [Array],
133 silly audit report       cvss: [Object]
133 silly audit report     }
133 silly audit report   ],
133 silly audit report   express: [
133 silly audit report     {
133 silly audit report       id: 1099529,
133 silly audit report       url: 'https://github.com/advisories/GHSA-qw6h-vgh9-j6wx',
133 silly audit report       title: 'express vulnerable to XSS via response.redirect()',
133 silly audit report       severity: 'moderate',
133 silly audit report       vulnerable_versions: '<4.20.0',
133 silly audit report       cwe: [Array],
133 silly audit report       cvss: [Object]
133 silly audit report     }
133 silly audit report   ],
133 silly audit report   'path-to-regexp': [
133 silly audit report     {
133 silly audit report       id: 1099562,
133 silly audit report       url: 'https://github.com/advisories/GHSA-9wv6-86v2-598j',
133 silly audit report       title: 'path-to-regexp outputs backtracking regular expressions',
133 silly audit report       severity: 'high',
133 silly audit report       vulnerable_versions: '<0.1.10',
133 silly audit report       cwe: [Array],
133 silly audit report       cvss: [Object]
133 silly audit report     }
133 silly audit report   ],
133 silly audit report   send: [
133 silly audit report     {
133 silly audit report       id: 1099525,
133 silly audit report       url: 'https://github.com/advisories/GHSA-m6fv-jmcg-4jfg',
133 silly audit report       title: 'send vulnerable to template injection that can lead to XSS',
133 silly audit report       severity: 'moderate',
133 silly audit report       vulnerable_versions: '<0.19.0',
133 silly audit report       cwe: [Array],
133 silly audit report       cvss: [Object]
133 silly audit report     }
133 silly audit report   ],
133 silly audit report   'serve-static': [
133 silly audit report     {
133 silly audit report       id: 1099527,
133 silly audit report       url: 'https://github.com/advisories/GHSA-cm22-4g7w-348p',
133 silly audit report       title: 'serve-static vulnerable to template injection that can lead to XSS',
133 silly audit report       severity: 'moderate',
133 silly audit report       vulnerable_versions: '<1.16.0',
133 silly audit report       cwe: [Array],
133 silly audit report       cvss: [Object]
133 silly audit report     }
133 silly audit report   ]
133 silly audit report }
134 silly packumentCache corgi:https://registry.npmjs.org/body-parser cache-miss
135 silly packumentCache corgi:https://registry.npmjs.org/cookie cache-miss
136 silly packumentCache corgi:https://registry.npmjs.org/express cache-miss
137 silly packumentCache corgi:https://registry.npmjs.org/path-to-regexp cache-miss
138 silly packumentCache corgi:https://registry.npmjs.org/send cache-miss
139 silly packumentCache corgi:https://registry.npmjs.org/serve-static cache-miss
140 http fetch GET 200 https://registry.npmjs.org/jwa/-/jwa-2.0.0.tgz 610ms (cache miss)
141 http fetch GET 200 https://registry.npmjs.org/jwa/-/jwa-2.0.0.tgz 715ms (cache miss)
142 http fetch GET 200 https://registry.npmjs.org/base64-js/-/base64-js-1.5.1.tgz 729ms (cache miss)
143 http fetch GET 200 https://registry.npmjs.org/is-stream/-/is-stream-2.0.1.tgz 754ms (cache miss)
144 http fetch GET 200 https://registry.npmjs.org/gcp-metadata/-/gcp-metadata-6.1.0.tgz 745ms (cache miss)
145 http fetch GET 200 https://registry.npmjs.org/jws/-/jws-4.0.0.tgz 765ms (cache miss)
146 http fetch GET 200 https://registry.npmjs.org/gtoken/-/gtoken-7.1.0.tgz 796ms (cache miss)
147 http fetch GET 200 https://registry.npmjs.org/extend/-/extend-3.0.2.tgz 778ms (cache miss)
148 http fetch GET 200 https://registry.npmjs.org/debug/-/debug-4.3.7.tgz 890ms (cache miss)
149 http fetch GET 200 https://registry.npmjs.org/cookie 621ms (cache revalidated)
150 silly packumentCache corgi:https://registry.npmjs.org/cookie set size:21503 disposed:false
151 http fetch GET 200 https://registry.npmjs.org/path-to-regexp 620ms (cache revalidated)
152 silly packumentCache corgi:https://registry.npmjs.org/path-to-regexp set size:61975 disposed:false
153 http fetch GET 200 https://registry.npmjs.org/send 612ms (cache revalidated)
154 silly packumentCache corgi:https://registry.npmjs.org/send set size:59867 disposed:false
155 http fetch GET 200 https://registry.npmjs.org/serve-static 656ms (cache revalidated)
156 silly packumentCache corgi:https://registry.npmjs.org/serve-static set size:55328 disposed:false
157 http fetch GET 200 https://registry.npmjs.org/jws/-/jws-4.0.0.tgz 1014ms (cache miss)
158 http fetch GET 200 https://registry.npmjs.org/gaxios/-/gaxios-5.1.3.tgz 941ms (cache miss)
159 http fetch GET 200 https://registry.npmjs.org/body-parser 724ms (cache updated)
160 silly packumentCache corgi:https://registry.npmjs.org/body-parser set size:undefined disposed:false
161 http fetch GET 200 https://registry.npmjs.org/https-proxy-agent/-/https-proxy-agent-7.0.5.tgz 1063ms (cache miss)
162 http fetch GET 200 https://registry.npmjs.org/json-bigint/-/json-bigint-1.0.0.tgz 1071ms (cache miss)
163 http fetch GET 200 https://registry.npmjs.org/agent-base/-/agent-base-7.1.1.tgz 1117ms (cache miss)
164 http fetch GET 200 https://registry.npmjs.org/gaxios/-/gaxios-6.7.1.tgz 1184ms (cache miss)
165 http fetch GET 200 https://registry.npmjs.org/express 876ms (cache updated)
166 silly packumentCache corgi:https://registry.npmjs.org/express set size:undefined disposed:false
167 silly packumentCache corgi:https://registry.npmjs.org/cookie-parser cache-miss
168 http fetch GET 200 https://registry.npmjs.org/uuid/-/uuid-9.0.1.tgz 1286ms (cache miss)
169 http fetch GET 200 https://registry.npmjs.org/google-auth-library/-/google-auth-library-9.14.2.tgz 1413ms (cache miss)
170 http fetch GET 200 https://registry.npmjs.org/cookie-parser 130ms (cache revalidated)
171 silly packumentCache corgi:https://registry.npmjs.org/cookie-parser set size:15528 disposed:false
172 silly ADD node_modules/gcp-metadata
173 silly ADD node_modules/gcp-metadata/node_modules/gaxios
174 silly ADD node_modules/bignumber.js
175 silly ADD node_modules/json-bigint
176 silly ADD node_modules/is-stream
177 silly ADD node_modules/extend
178 silly ADD node_modules/gtoken
179 silly ADD node_modules/gtoken/node_modules/jwa
180 silly ADD node_modules/gtoken/node_modules/jws
181 silly ADD node_modules/gaxios
182 silly ADD node_modules/gaxios/node_modules/ms
183 silly ADD node_modules/gaxios/node_modules/debug
184 silly ADD node_modules/gaxios/node_modules/agent-base
185 silly ADD node_modules/gaxios/node_modules/uuid
186 silly ADD node_modules/gaxios/node_modules/https-proxy-agent
187 silly ADD node_modules/base64-js
188 silly ADD node_modules/google-auth-library
189 silly ADD node_modules/google-auth-library/node_modules/jwa
190 silly ADD node_modules/google-auth-library/node_modules/gcp-metadata
191 silly ADD node_modules/google-auth-library/node_modules/jws
192 verbose cwd /Users/mac
193 verbose os Darwin 19.4.0
194 verbose node v20.15.1
195 verbose npm  v10.9.0
196 verbose exit 0
197 info ok
