0 verbose cli /usr/local/bin/node /usr/local/bin/npm
1 info using npm@10.8.3
2 info using node@v20.15.1
3 silly config load:file:/usr/local/lib/node_modules/npm/npmrc
4 silly config load:file:/Users/mac/.npmrc
5 silly config load:file:/usr/local/etc/npmrc
6 verbose title npm i express
7 verbose argv "i" "express"
8 verbose logfile logs-max:10 dir:/Users/mac/.npm/_logs/2024-09-22T15_07_32_197Z-
9 verbose logfile /Users/mac/.npm/_logs/2024-09-22T15_07_32_197Z-debug-0.log
10 silly packumentCache heap:2197815296 maxSize:549453824 maxEntrySize:274726912
11 silly logfile start cleaning logs, removing 1 files
12 silly logfile done cleaning log files
13 silly idealTree buildDeps
14 silly fetch manifest express@^4.19.2
15 silly packumentCache full:https://registry.npmjs.org/express cache-miss
16 http fetch GET 200 https://registry.npmjs.org/express 2284ms (cache updated)
17 silly packumentCache full:https://registry.npmjs.org/express set size:undefined disposed:false
18 silly placeDep ROOT express@4.21.0 REPLACE for: axia-backend-express@0.0.1 want: ^4.19.2
19 silly fetch manifest body-parser@1.20.3
20 silly packumentCache full:https://registry.npmjs.org/body-parser cache-miss
21 silly fetch manifest encodeurl@~2.0.0
22 silly packumentCache full:https://registry.npmjs.org/encodeurl cache-miss
23 silly fetch manifest finalhandler@1.3.1
24 silly packumentCache full:https://registry.npmjs.org/finalhandler cache-miss
25 http fetch GET 200 https://registry.npmjs.org/finalhandler 219ms (cache updated)
26 silly packumentCache full:https://registry.npmjs.org/finalhandler set size:undefined disposed:false
27 silly fetch manifest merge-descriptors@1.0.3
28 silly packumentCache full:https://registry.npmjs.org/merge-descriptors cache-miss
29 http fetch GET 200 https://registry.npmjs.org/merge-descriptors 219ms (cache revalidated)
30 silly packumentCache full:https://registry.npmjs.org/merge-descriptors set size:16527 disposed:false
31 silly fetch manifest path-to-regexp@0.1.10
32 silly packumentCache full:https://registry.npmjs.org/path-to-regexp cache-miss
33 http fetch GET 200 https://registry.npmjs.org/encodeurl 845ms (cache revalidated)
34 silly packumentCache full:https://registry.npmjs.org/encodeurl set size:12296 disposed:false
35 silly fetch manifest qs@6.13.0
36 silly packumentCache full:https://registry.npmjs.org/qs cache-miss
37 http fetch GET 200 https://registry.npmjs.org/path-to-regexp 404ms (cache updated)
38 silly packumentCache full:https://registry.npmjs.org/path-to-regexp set size:undefined disposed:false
39 silly fetch manifest send@0.19.0
40 silly packumentCache full:https://registry.npmjs.org/send cache-miss
41 http fetch GET 200 https://registry.npmjs.org/body-parser 863ms (cache updated)
42 silly packumentCache full:https://registry.npmjs.org/body-parser set size:undefined disposed:false
43 silly fetch manifest serve-static@1.16.2
44 silly packumentCache full:https://registry.npmjs.org/serve-static cache-miss
45 http fetch GET 200 https://registry.npmjs.org/send 335ms (cache updated)
46 silly packumentCache full:https://registry.npmjs.org/send set size:undefined disposed:false
47 http fetch GET 200 https://registry.npmjs.org/qs 780ms (cache updated)
48 silly packumentCache full:https://registry.npmjs.org/qs set size:undefined disposed:false
49 http fetch GET 200 https://registry.npmjs.org/serve-static 997ms (cache updated)
50 silly packumentCache full:https://registry.npmjs.org/serve-static set size:undefined disposed:false
51 silly placeDep ROOT body-parser@1.20.3 REPLACE for: express@4.21.0 want: 1.20.3
52 silly placeDep node_modules/express encodeurl@2.0.0 OK for: express@4.21.0 want: ~2.0.0
53 silly placeDep ROOT finalhandler@1.3.1 REPLACE for: express@4.21.0 want: 1.3.1
54 silly placeDep ROOT merge-descriptors@1.0.3 REPLACE for: express@4.21.0 want: 1.0.3
55 silly placeDep ROOT path-to-regexp@0.1.10 REPLACE for: express@4.21.0 want: 0.1.10
56 silly placeDep ROOT qs@6.13.0 REPLACE for: express@4.21.0 want: 6.13.0
57 silly placeDep node_modules/express send@0.19.0 OK for: express@4.21.0 want: 0.19.0
58 silly placeDep ROOT serve-static@1.16.2 REPLACE for: express@4.21.0 want: 1.16.2
59 silly fetch manifest ms@2.1.3
60 silly packumentCache full:https://registry.npmjs.org/ms cache-miss
61 silly fetch manifest encodeurl@~1.0.2
62 silly packumentCache full:https://registry.npmjs.org/encodeurl cache-hit
63 http fetch GET 200 https://registry.npmjs.org/ms 314ms (cache revalidated)
64 silly packumentCache full:https://registry.npmjs.org/ms set size:84885 disposed:false
65 silly placeDep node_modules/finalhandler encodeurl@2.0.0 OK for: finalhandler@1.3.1 want: ~2.0.0
66 silly placeDep node_modules/serve-static encodeurl@2.0.0 OK for: serve-static@1.16.2 want: ~2.0.0
67 silly placeDep node_modules/serve-static send@0.19.0 OK for: serve-static@1.16.2 want: 0.19.0
68 silly placeDep node_modules/express/node_modules/send encodeurl@1.0.2 OK for: send@0.19.0 want: ~1.0.2
69 silly placeDep node_modules/express ms@2.1.3 OK for: send@0.19.0 want: 2.1.3
70 silly placeDep node_modules/serve-static/node_modules/send encodeurl@1.0.2 OK for: send@0.19.0 want: ~1.0.2
71 silly placeDep node_modules/serve-static ms@2.1.3 OK for: send@0.19.0 want: 2.1.3
72 silly reify mark retired [ '/Users/mac/node_modules/body-parser' ]
73 silly reify mark retired [ '/Users/mac/node_modules/express' ]
74 silly reify mark retired [ '/Users/mac/node_modules/finalhandler' ]
75 silly reify mark retired [ '/Users/mac/node_modules/merge-descriptors' ]
76 silly reify mark retired [ '/Users/mac/node_modules/path-to-regexp' ]
77 silly reify mark retired [ '/Users/mac/node_modules/qs' ]
78 silly reify mark retired [ '/Users/mac/node_modules/serve-static' ]
79 silly reify moves {
79 silly reify   '/Users/mac/node_modules/body-parser': '/Users/mac/node_modules/.body-parser-FvGFf6mS',
79 silly reify   '/Users/mac/node_modules/express': '/Users/mac/node_modules/.express-Tg06lMv3',
79 silly reify   '/Users/mac/node_modules/finalhandler': '/Users/mac/node_modules/.finalhandler-Bietj7lk',
79 silly reify   '/Users/mac/node_modules/merge-descriptors': '/Users/mac/node_modules/.merge-descriptors-XKJNXZqk',
79 silly reify   '/Users/mac/node_modules/path-to-regexp': '/Users/mac/node_modules/.path-to-regexp-ArqM0NWA',
79 silly reify   '/Users/mac/node_modules/qs': '/Users/mac/node_modules/.qs-BrSeZFxW',
79 silly reify   '/Users/mac/node_modules/serve-static': '/Users/mac/node_modules/.serve-static-3V2g2OBX'
79 silly reify }
80 silly audit bulk request {
80 silly audit   '@mapbox/node-pre-gyp': [ '1.0.11' ],
80 silly audit   '@mongodb-js/saslprep': [ '1.1.8' ],
80 silly audit   '@types/webidl-conversions': [ '7.0.3' ],
80 silly audit   '@types/whatwg-url': [ '11.0.5' ],
80 silly audit   abbrev: [ '1.1.1' ],
80 silly audit   accepts: [ '1.3.8' ],
80 silly audit   'agent-base': [ '6.0.2' ],
80 silly audit   debug: [ '4.3.6', '2.6.9', '4.3.5' ],
80 silly audit   ms: [ '2.1.2', '2.1.3', '2.0.0' ],
80 silly audit   'ansi-regex': [ '5.0.1' ],
80 silly audit   anymatch: [ '3.1.3' ],
80 silly audit   aproba: [ '2.0.0' ],
80 silly audit   'are-we-there-yet': [ '2.0.0' ],
80 silly audit   'array-flatten': [ '1.1.1' ],
80 silly audit   'balanced-match': [ '1.0.2' ],
80 silly audit   bcrypt: [ '5.1.1' ],
80 silly audit   bcryptjs: [ '2.4.3' ],
80 silly audit   'binary-extensions': [ '2.3.0' ],
80 silly audit   'brace-expansion': [ '1.1.11' ],
80 silly audit   braces: [ '3.0.3' ],
80 silly audit   bson: [ '6.8.0' ],
80 silly audit   'buffer-equal-constant-time': [ '1.0.1' ],
80 silly audit   bytes: [ '3.1.2' ],
80 silly audit   'call-bind': [ '1.0.7' ],
80 silly audit   chokidar: [ '3.6.0' ],
80 silly audit   chownr: [ '2.0.0' ],
80 silly audit   'color-support': [ '1.1.3' ],
80 silly audit   'concat-map': [ '0.0.1' ],
80 silly audit   'console-control-strings': [ '1.1.0' ],
80 silly audit   'content-disposition': [ '0.5.4' ],
80 silly audit   'content-type': [ '1.0.5' ],
80 silly audit   cookie: [ '0.6.0', '0.4.1' ],
80 silly audit   'cookie-parser': [ '1.4.6' ],
80 silly audit   'cookie-signature': [ '1.0.6' ],
80 silly audit   'define-data-property': [ '1.1.4' ],
80 silly audit   delegates: [ '1.0.0' ],
80 silly audit   depd: [ '2.0.0' ],
80 silly audit   destroy: [ '1.2.0' ],
80 silly audit   'detect-libc': [ '2.0.3' ],
80 silly audit   dotenv: [ '16.4.5' ],
80 silly audit   'ecdsa-sig-formatter': [ '1.0.11' ],
80 silly audit   'ee-first': [ '1.1.1' ],
80 silly audit   'emoji-regex': [ '8.0.0' ],
80 silly audit   encodeurl: [ '1.0.2', '2.0.0' ],
80 silly audit   'es-define-property': [ '1.0.0' ],
80 silly audit   'es-errors': [ '1.3.0' ],
80 silly audit   'escape-html': [ '1.0.3' ],
80 silly audit   etag: [ '1.8.1' ],
80 silly audit   'fill-range': [ '7.1.1' ],
80 silly audit   forwarded: [ '0.2.0' ],
80 silly audit   fresh: [ '0.5.2' ],
80 silly audit   'fs-minipass': [ '2.1.0' ],
80 silly audit   minipass: [ '3.3.6', '5.0.0' ],
80 silly audit   'fs.realpath': [ '1.0.0' ],
80 silly audit   fsevents: [ '2.3.3' ],
80 silly audit   'function-bind': [ '1.1.2' ],
80 silly audit   gauge: [ '3.0.2' ],
80 silly audit   'get-intrinsic': [ '1.2.4' ],
80 silly audit   glob: [ '7.2.3' ],
80 silly audit   'glob-parent': [ '5.1.2' ],
80 silly audit   gopd: [ '1.0.1' ],
80 silly audit   'has-flag': [ '3.0.0' ],
80 silly audit   'has-property-descriptors': [ '1.0.2' ],
80 silly audit   'has-proto': [ '1.0.3' ],
80 silly audit   'has-symbols': [ '1.0.3' ],
80 silly audit   'has-unicode': [ '2.0.1' ],
80 silly audit   hasown: [ '2.0.2' ],
80 silly audit   'http-errors': [ '2.0.0' ],
80 silly audit   'https-proxy-agent': [ '5.0.1' ],
80 silly audit   'iconv-lite': [ '0.4.24' ],
80 silly audit   'ignore-by-default': [ '1.0.1' ],
80 silly audit   inflight: [ '1.0.6' ],
80 silly audit   inherits: [ '2.0.4' ],
80 silly audit   'ipaddr.js': [ '1.9.1' ],
80 silly audit   'is-binary-path': [ '2.1.0' ],
80 silly audit   'is-extglob': [ '2.1.1' ],
80 silly audit   'is-fullwidth-code-point': [ '3.0.0' ],
80 silly audit   'is-glob': [ '4.0.3' ],
80 silly audit   'is-number': [ '7.0.0' ],
80 silly audit   jsonwebtoken: [ '9.0.2' ],
80 silly audit   jwa: [ '1.4.1' ],
80 silly audit   jws: [ '3.2.2' ],
80 silly audit   kareem: [ '2.6.3' ],
80 silly audit   'lodash.includes': [ '4.3.0' ],
80 silly audit   'lodash.isboolean': [ '3.0.3' ],
80 silly audit   'lodash.isinteger': [ '4.0.4' ],
80 silly audit   'lodash.isnumber': [ '3.0.3' ],
80 silly audit   'lodash.isplainobject': [ '4.0.6' ],
80 silly audit   'lodash.isstring': [ '4.0.1' ],
80 silly audit   'lodash.once': [ '4.1.1' ],
80 silly audit   'make-dir': [ '3.1.0' ],
80 silly audit   semver: [ '6.3.1', '7.6.3' ],
80 silly audit   'media-typer': [ '0.3.0' ],
80 silly audit   'memory-pager': [ '1.5.0' ],
80 silly audit   methods: [ '1.1.2' ],
80 silly audit   mime: [ '1.6.0' ],
80 silly audit   'mime-db': [ '1.52.0' ],
80 silly audit   'mime-types': [ '2.1.35' ],
80 silly audit   minimatch: [ '3.1.2' ],
80 silly audit   minizlib: [ '2.1.2' ],
80 silly audit   mkdirp: [ '1.0.4' ],
80 silly audit   mongodb: [ '6.7.0' ],
80 silly audit   'mongodb-connection-string-url': [ '3.0.1' ],
80 silly audit   mongoose: [ '8.5.2' ],
80 silly audit   mpath: [ '0.9.0' ],
80 silly audit   mquery: [ '5.0.0' ],
80 silly audit   negotiator: [ '0.6.3' ],
80 silly audit   'node-addon-api': [ '5.1.0' ],
80 silly audit   'node-fetch': [ '2.7.0' ],
80 silly audit   tr46: [ '0.0.3', '4.1.1' ],
80 silly audit   'webidl-conversions': [ '3.0.1', '7.0.0' ],
80 silly audit   'whatwg-url': [ '5.0.0', '13.0.0' ],
80 silly audit   nodemon: [ '3.1.4' ],
80 silly audit   nopt: [ '5.0.0' ],
80 silly audit   'normalize-path': [ '3.0.0' ],
80 silly audit   npmlog: [ '5.0.1' ],
80 silly audit   'object-assign': [ '4.1.1' ],
80 silly audit   'object-inspect': [ '1.13.2' ],
80 silly audit   'on-finished': [ '2.4.1' ],
80 silly audit   once: [ '1.4.0' ],
80 silly audit   parseurl: [ '1.3.3' ],
80 silly audit   'path-is-absolute': [ '1.0.1' ],
80 silly audit   picomatch: [ '2.3.1' ],
80 silly audit   prettier: [ '3.3.3' ],
80 silly audit   'proxy-addr': [ '2.0.7' ],
80 silly audit   'pstree.remy': [ '1.1.8' ],
80 silly audit   punycode: [ '2.3.1' ],
80 silly audit   'range-parser': [ '1.2.1' ],
80 silly audit   'raw-body': [ '2.5.2' ],
80 silly audit   'readable-stream': [ '3.6.2' ],
80 silly audit   readdirp: [ '3.6.0' ],
80 silly audit   rimraf: [ '3.0.2' ],
80 silly audit   'safe-buffer': [ '5.2.1' ],
80 silly audit   'safer-buffer': [ '2.1.2' ],
80 silly audit   send: [ '0.18.0', '0.19.0' ],
80 silly audit   'set-blocking': [ '2.0.0' ],
80 silly audit   'set-function-length': [ '1.2.2' ],
80 silly audit   setprototypeof: [ '1.2.0' ],
80 silly audit   'side-channel': [ '1.0.6' ],
80 silly audit   sift: [ '17.1.3' ],
80 silly audit   'signal-exit': [ '3.0.7' ],
80 silly audit   'simple-update-notifier': [ '2.0.0' ],
80 silly audit   'sparse-bitfield': [ '3.0.3' ],
80 silly audit   statuses: [ '2.0.1' ],
80 silly audit   string_decoder: [ '1.3.0' ],
80 silly audit   'string-width': [ '4.2.3' ],
80 silly audit   'strip-ansi': [ '6.0.1' ],
80 silly audit   'supports-color': [ '5.5.0' ],
80 silly audit   tar: [ '6.2.1' ],
80 silly audit   'to-regex-range': [ '5.0.1' ],
80 silly audit   toidentifier: [ '1.0.1' ],
80 silly audit   touch: [ '3.1.1' ],
80 silly audit   'type-is': [ '1.6.18' ],
80 silly audit   undefsafe: [ '2.0.5' ],
80 silly audit   unpipe: [ '1.0.0' ],
80 silly audit   'util-deprecate': [ '1.0.2' ],
80 silly audit   'utils-merge': [ '1.0.1' ],
80 silly audit   vary: [ '1.1.2' ],
80 silly audit   'wide-align': [ '1.1.5' ],
80 silly audit   wrappy: [ '1.0.2' ],
80 silly audit   yallist: [ '4.0.0' ],
80 silly audit   express: [ '4.21.0' ],
80 silly audit   'body-parser': [ '1.20.3' ],
80 silly audit   finalhandler: [ '1.3.1' ],
80 silly audit   'merge-descriptors': [ '1.0.3' ],
80 silly audit   'path-to-regexp': [ '0.1.10' ],
80 silly audit   qs: [ '6.13.0' ],
80 silly audit   'serve-static': [ '1.16.2' ]
80 silly audit }
81 silly tarball no local data for qs@https://registry.npmjs.org/qs/-/qs-6.13.0.tgz. Extracting by manifest.
82 silly tarball no local data for serve-static@https://registry.npmjs.org/serve-static/-/serve-static-1.16.2.tgz. Extracting by manifest.
83 silly tarball no local data for path-to-regexp@https://registry.npmjs.org/path-to-regexp/-/path-to-regexp-0.1.10.tgz. Extracting by manifest.
84 silly tarball no local data for express@https://registry.npmjs.org/express/-/express-4.21.0.tgz. Extracting by manifest.
85 silly tarball no local data for finalhandler@https://registry.npmjs.org/finalhandler/-/finalhandler-1.3.1.tgz. Extracting by manifest.
86 silly tarball no local data for body-parser@https://registry.npmjs.org/body-parser/-/body-parser-1.20.3.tgz. Extracting by manifest.
87 silly tarball no local data for merge-descriptors@https://registry.npmjs.org/merge-descriptors/-/merge-descriptors-1.0.3.tgz. Extracting by manifest.
88 silly tarball no local data for encodeurl@https://registry.npmjs.org/encodeurl/-/encodeurl-2.0.0.tgz. Extracting by manifest.
89 silly tarball no local data for encodeurl@https://registry.npmjs.org/encodeurl/-/encodeurl-2.0.0.tgz. Extracting by manifest.
90 silly tarball no local data for encodeurl@https://registry.npmjs.org/encodeurl/-/encodeurl-2.0.0.tgz. Extracting by manifest.
91 silly tarball no local data for send@https://registry.npmjs.org/send/-/send-0.19.0.tgz. Extracting by manifest.
92 silly tarball no local data for send@https://registry.npmjs.org/send/-/send-0.19.0.tgz. Extracting by manifest.
93 http fetch GET 200 https://registry.npmjs.org/serve-static/-/serve-static-1.16.2.tgz 356ms (cache miss)
94 http fetch GET 200 https://registry.npmjs.org/qs/-/qs-6.13.0.tgz 528ms (cache miss)
95 http fetch POST 200 https://registry.npmjs.org/-/npm/v1/security/advisories/bulk 653ms
96 silly audit report {
96 silly audit report   send: [
96 silly audit report     {
96 silly audit report       id: 1099525,
96 silly audit report       url: 'https://github.com/advisories/GHSA-m6fv-jmcg-4jfg',
96 silly audit report       title: 'send vulnerable to template injection that can lead to XSS',
96 silly audit report       severity: 'moderate',
96 silly audit report       vulnerable_versions: '<0.19.0',
96 silly audit report       cwe: [Array],
96 silly audit report       cvss: [Object]
96 silly audit report     }
96 silly audit report   ]
96 silly audit report }
97 silly packumentCache corgi:https://registry.npmjs.org/send cache-miss
98 http fetch GET 200 https://registry.npmjs.org/send 370ms (cache miss)
99 silly packumentCache corgi:https://registry.npmjs.org/send set size:undefined disposed:false
100 http fetch GET 200 https://registry.npmjs.org/encodeurl/-/encodeurl-2.0.0.tgz 1185ms (cache miss)
101 http fetch GET 200 https://registry.npmjs.org/send/-/send-0.19.0.tgz 1704ms (cache miss)
102 http fetch GET 200 https://registry.npmjs.org/send/-/send-0.19.0.tgz 1809ms (cache miss)
103 http fetch GET 200 https://registry.npmjs.org/body-parser/-/body-parser-1.20.3.tgz 1819ms (cache miss)
104 http fetch GET 200 https://registry.npmjs.org/merge-descriptors/-/merge-descriptors-1.0.3.tgz 1819ms (cache miss)
105 http fetch GET 200 https://registry.npmjs.org/encodeurl/-/encodeurl-2.0.0.tgz 1828ms (cache miss)
106 http fetch GET 200 https://registry.npmjs.org/path-to-regexp/-/path-to-regexp-0.1.10.tgz 1899ms (cache miss)
107 http fetch GET 200 https://registry.npmjs.org/encodeurl/-/encodeurl-2.0.0.tgz 1905ms (cache miss)
108 http fetch GET 200 https://registry.npmjs.org/finalhandler/-/finalhandler-1.3.1.tgz 1909ms (cache miss)
109 http fetch GET 200 https://registry.npmjs.org/express/-/express-4.21.0.tgz 1916ms (cache miss)
110 silly CHANGE node_modules/serve-static
111 silly ADD node_modules/serve-static/node_modules/ms
112 silly ADD node_modules/serve-static/node_modules/send
113 silly ADD node_modules/serve-static/node_modules/send/node_modules/encodeurl
114 silly ADD node_modules/serve-static/node_modules/encodeurl
115 silly CHANGE node_modules/qs
116 silly CHANGE node_modules/path-to-regexp
117 silly CHANGE node_modules/merge-descriptors
118 silly CHANGE node_modules/finalhandler
119 silly ADD node_modules/finalhandler/node_modules/encodeurl
120 silly CHANGE node_modules/express
121 silly ADD node_modules/express/node_modules/ms
122 silly ADD node_modules/express/node_modules/send
123 silly ADD node_modules/express/node_modules/send/node_modules/encodeurl
124 silly ADD node_modules/express/node_modules/encodeurl
125 silly CHANGE node_modules/body-parser
126 verbose cwd /Users/mac
127 verbose os Darwin 19.4.0
128 verbose node v20.15.1
129 verbose npm  v10.8.3
130 verbose exit 0
131 info ok
