0 verbose cli /usr/local/bin/node /usr/local/bin/npm
1 info using npm@10.9.0
2 info using node@v20.15.1
3 silly config load:file:/usr/local/lib/node_modules/npm/npmrc
4 silly config load:file:/Users/mac/.npmrc
5 silly config load:file:/usr/local/etc/npmrc
6 verbose title npm login
7 verbose argv "login"
8 verbose logfile logs-max:10 dir:/Users/mac/.npm/_logs/2024-11-11T09_13_11_536Z-
9 verbose logfile /Users/mac/.npm/_logs/2024-11-11T09_13_11_536Z-debug-0.log
10 silly logfile start cleaning logs, removing 1 files
11 notice Log in on https://registry.npmjs.org/
12 verbose web login before first POST
13 silly logfile done cleaning log files
14 http fetch POST 200 https://registry.npmjs.org/-/v1/login 950ms
15 verbose web auth got response {
15 verbose web auth   loginUrl: 'https://www.npmjs.com/login?next=/login/cli/1a9cee64-7d3f-48d3-bd66-a65debbbcd0d',
15 verbose web auth   doneUrl: 'https://registry.npmjs.org/-/v1/done?sessionId=1a9cee64-7d3f-48d3-bd66-a65debbbcd0d'
15 verbose web auth }
16 verbose web auth opening url pair
17 http fetch GET 202 https://registry.npmjs.org/-/v1/done?sessionId=*** 322ms
18 http fetch GET 202 https://registry.npmjs.org/-/v1/done?sessionId=*** 320ms
19 http fetch GET 202 https://registry.npmjs.org/-/v1/done?sessionId=*** 342ms
20 http fetch GET 202 https://registry.npmjs.org/-/v1/done?sessionId=*** 339ms
21 http fetch GET 202 https://registry.npmjs.org/-/v1/done?sessionId=*** 337ms
22 http fetch GET 202 https://registry.npmjs.org/-/v1/done?sessionId=*** 350ms
23 http fetch GET 202 https://registry.npmjs.org/-/v1/done?sessionId=*** 515ms
24 http fetch GET 202 https://registry.npmjs.org/-/v1/done?sessionId=*** 384ms
25 http fetch GET 202 https://registry.npmjs.org/-/v1/done?sessionId=*** 342ms
26 http fetch GET 202 https://registry.npmjs.org/-/v1/done?sessionId=*** 347ms
27 http fetch GET 202 https://registry.npmjs.org/-/v1/done?sessionId=*** 339ms
28 http fetch GET 202 https://registry.npmjs.org/-/v1/done?sessionId=*** 348ms
29 http fetch GET 202 https://registry.npmjs.org/-/v1/done?sessionId=*** 349ms
30 http fetch GET 202 https://registry.npmjs.org/-/v1/done?sessionId=*** 370ms
31 http fetch GET 202 https://registry.npmjs.org/-/v1/done?sessionId=*** 361ms
32 http fetch GET 202 https://registry.npmjs.org/-/v1/done?sessionId=*** 320ms
33 http fetch GET 202 https://registry.npmjs.org/-/v1/done?sessionId=*** 324ms
34 http fetch GET 202 https://registry.npmjs.org/-/v1/done?sessionId=*** 326ms
35 http fetch GET 202 https://registry.npmjs.org/-/v1/done?sessionId=*** 338ms
36 http fetch GET 202 https://registry.npmjs.org/-/v1/done?sessionId=*** 355ms
37 http fetch GET 202 https://registry.npmjs.org/-/v1/done?sessionId=*** 330ms
38 http fetch GET 202 https://registry.npmjs.org/-/v1/done?sessionId=*** 333ms
39 http fetch GET 202 https://registry.npmjs.org/-/v1/done?sessionId=*** 361ms
40 http fetch GET 202 https://registry.npmjs.org/-/v1/done?sessionId=*** 360ms
41 http fetch GET 202 https://registry.npmjs.org/-/v1/done?sessionId=*** 334ms
42 http fetch GET 202 https://registry.npmjs.org/-/v1/done?sessionId=*** 350ms
43 http fetch GET 202 https://registry.npmjs.org/-/v1/done?sessionId=*** 333ms
44 http fetch GET 202 https://registry.npmjs.org/-/v1/done?sessionId=*** 375ms
45 http fetch GET 202 https://registry.npmjs.org/-/v1/done?sessionId=*** 325ms
46 http fetch GET 202 https://registry.npmjs.org/-/v1/done?sessionId=*** 345ms
47 http fetch GET 202 https://registry.npmjs.org/-/v1/done?sessionId=*** 357ms
48 http fetch GET 202 https://registry.npmjs.org/-/v1/done?sessionId=*** 353ms
49 http fetch GET 202 https://registry.npmjs.org/-/v1/done?sessionId=*** 326ms
50 http fetch GET 202 https://registry.npmjs.org/-/v1/done?sessionId=*** 320ms
51 http fetch GET 202 https://registry.npmjs.org/-/v1/done?sessionId=*** 347ms
52 http fetch GET 202 https://registry.npmjs.org/-/v1/done?sessionId=*** 451ms
53 http fetch GET 202 https://registry.npmjs.org/-/v1/done?sessionId=*** 415ms
54 http fetch GET 202 https://registry.npmjs.org/-/v1/done?sessionId=*** 377ms
55 http fetch GET 202 https://registry.npmjs.org/-/v1/done?sessionId=*** 314ms
56 http fetch GET 202 https://registry.npmjs.org/-/v1/done?sessionId=*** 522ms
57 http fetch GET 202 https://registry.npmjs.org/-/v1/done?sessionId=*** 325ms
58 http fetch GET 202 https://registry.npmjs.org/-/v1/done?sessionId=*** 353ms
59 http fetch GET 202 https://registry.npmjs.org/-/v1/done?sessionId=*** 386ms
60 http fetch GET 202 https://registry.npmjs.org/-/v1/done?sessionId=*** 328ms
61 http fetch GET 202 https://registry.npmjs.org/-/v1/done?sessionId=*** 324ms
62 http fetch GET 202 https://registry.npmjs.org/-/v1/done?sessionId=*** 319ms
63 http fetch GET 202 https://registry.npmjs.org/-/v1/done?sessionId=*** 339ms
64 http fetch GET 202 https://registry.npmjs.org/-/v1/done?sessionId=*** 345ms
65 http fetch GET 202 https://registry.npmjs.org/-/v1/done?sessionId=*** 334ms
66 http fetch GET 202 https://registry.npmjs.org/-/v1/done?sessionId=*** 333ms
67 http fetch GET 202 https://registry.npmjs.org/-/v1/done?sessionId=*** 360ms
68 http fetch GET 202 https://registry.npmjs.org/-/v1/done?sessionId=*** 342ms
69 http fetch GET 202 https://registry.npmjs.org/-/v1/done?sessionId=*** 340ms
70 http fetch GET 202 https://registry.npmjs.org/-/v1/done?sessionId=*** 344ms
71 http fetch GET 202 https://registry.npmjs.org/-/v1/done?sessionId=*** 326ms
72 http fetch GET 202 https://registry.npmjs.org/-/v1/done?sessionId=*** 334ms
73 http fetch GET 202 https://registry.npmjs.org/-/v1/done?sessionId=*** 344ms
74 http fetch GET 202 https://registry.npmjs.org/-/v1/done?sessionId=*** 323ms
75 http fetch GET 202 https://registry.npmjs.org/-/v1/done?sessionId=*** 318ms
76 http fetch GET 202 https://registry.npmjs.org/-/v1/done?sessionId=*** 365ms
77 http fetch GET 202 https://registry.npmjs.org/-/v1/done?sessionId=*** 331ms
78 http fetch GET 202 https://registry.npmjs.org/-/v1/done?sessionId=*** 367ms
79 http fetch GET 202 https://registry.npmjs.org/-/v1/done?sessionId=*** 342ms
80 http fetch GET 202 https://registry.npmjs.org/-/v1/done?sessionId=*** 353ms
81 http fetch GET 202 https://registry.npmjs.org/-/v1/done?sessionId=*** 350ms
82 http fetch GET 202 https://registry.npmjs.org/-/v1/done?sessionId=*** 338ms
83 http fetch GET 202 https://registry.npmjs.org/-/v1/done?sessionId=*** 356ms
84 http fetch GET 202 https://registry.npmjs.org/-/v1/done?sessionId=*** 431ms
85 http fetch GET 202 https://registry.npmjs.org/-/v1/done?sessionId=*** 351ms
86 http fetch GET 202 https://registry.npmjs.org/-/v1/done?sessionId=*** 355ms
87 http fetch GET 202 https://registry.npmjs.org/-/v1/done?sessionId=*** 358ms
88 http fetch GET 202 https://registry.npmjs.org/-/v1/done?sessionId=*** 352ms
89 http fetch GET 202 https://registry.npmjs.org/-/v1/done?sessionId=*** 359ms
90 http fetch GET 202 https://registry.npmjs.org/-/v1/done?sessionId=*** 324ms
91 http fetch GET 202 https://registry.npmjs.org/-/v1/done?sessionId=*** 337ms
92 http fetch GET 202 https://registry.npmjs.org/-/v1/done?sessionId=*** 364ms
93 http fetch GET 202 https://registry.npmjs.org/-/v1/done?sessionId=*** 352ms
94 http fetch GET 202 https://registry.npmjs.org/-/v1/done?sessionId=*** 324ms
95 http fetch GET 202 https://registry.npmjs.org/-/v1/done?sessionId=*** 349ms
96 http fetch GET 202 https://registry.npmjs.org/-/v1/done?sessionId=*** 334ms
97 http fetch GET 202 https://registry.npmjs.org/-/v1/done?sessionId=*** 365ms
98 http fetch GET 202 https://registry.npmjs.org/-/v1/done?sessionId=*** 345ms
99 http fetch GET 202 https://registry.npmjs.org/-/v1/done?sessionId=*** 321ms
100 http fetch GET 202 https://registry.npmjs.org/-/v1/done?sessionId=*** 328ms
101 http fetch GET 202 https://registry.npmjs.org/-/v1/done?sessionId=*** 326ms
102 http fetch GET 202 https://registry.npmjs.org/-/v1/done?sessionId=*** 334ms
103 http fetch GET 202 https://registry.npmjs.org/-/v1/done?sessionId=*** 355ms
104 http fetch GET 202 https://registry.npmjs.org/-/v1/done?sessionId=*** 330ms
105 http fetch GET 202 https://registry.npmjs.org/-/v1/done?sessionId=*** 345ms
106 http fetch GET 202 https://registry.npmjs.org/-/v1/done?sessionId=*** 346ms
107 http fetch GET 404 https://registry.npmjs.org/-/v1/done?sessionId=*** 338ms
108 verbose web login not supported, trying couch
109 verbose stack Error: canceled
109 verbose stack     at Interface.<anonymous> (/usr/local/lib/node_modules/npm/node_modules/read/dist/commonjs/read.js:89:21)
109 verbose stack     at Interface.emit (node:events:519:28)
109 verbose stack     at [_ttyWrite] [as _ttyWrite] (node:internal/readline/interface:1126:18)
109 verbose stack     at ReadStream.onkeypress (node:internal/readline/interface:265:20)
109 verbose stack     at ReadStream.emit (node:events:519:28)
109 verbose stack     at emitKeys (node:internal/readline/utils:371:14)
109 verbose stack     at emitKeys.next (<anonymous>)
109 verbose stack     at ReadStream.onData (node:internal/readline/emitKeypressEvents:64:36)
109 verbose stack     at ReadStream.emit (node:events:519:28)
109 verbose stack     at addChunk (node:internal/streams/readable:559:12)
110 error canceled
111 verbose cwd /Users/mac
112 verbose os Darwin 19.4.0
113 verbose node v20.15.1
114 verbose npm  v10.9.0
115 verbose exit 1
116 verbose code 1
117 error A complete log of this run can be found in: /Users/mac/.npm/_logs/2024-11-11T09_13_11_536Z-debug-0.log
