0 verbose cli /usr/local/bin/node /usr/local/bin/npm
1 info using npm@10.7.0
2 info using node@v20.15.1
3 silly config:load:file:/usr/local/lib/node_modules/npm/npmrc
4 silly config:load:file:/Users/mac/.npmrc
5 silly config:load:file:/usr/local/etc/npmrc
6 verbose title npm view cookie-parser description dist-tags.latest homepage version time
7 verbose argv "view" "--json" "--" "cookie-parser" "description" "dist-tags.latest" "homepage" "version" "time"
8 verbose logfile logs-max:10 dir:/Users/mac/.npm/_logs/2024-09-20T10_37_27_134Z-
9 verbose logfile /Users/mac/.npm/_logs/2024-09-20T10_37_27_134Z-debug-0.log
10 silly logfile start cleaning logs, removing 4 files
11 silly logfile done cleaning log files
12 http fetch GET https://registry.npmjs.org/cookie-parser attempt 1 failed with ECONNRESET
13 verbose type system
14 verbose stack FetchError: Invalid response body while trying to fetch https://registry.npmjs.org/cookie-parser: EACCES: permission denied, open '/Users/mac/.npm/_cacache/tmp/b26c4d8c'
14 verbose stack     at /usr/local/lib/node_modules/npm/node_modules/minipass-fetch/lib/body.js:170:15
14 verbose stack     at async Response.json (/usr/local/lib/node_modules/npm/node_modules/minipass-fetch/lib/body.js:75:17)
14 verbose stack     at async RegistryFetcher.packument (/usr/local/lib/node_modules/npm/node_modules/pacote/lib/registry.js:98:25)
14 verbose stack     at async View.getData (/usr/local/lib/node_modules/npm/lib/commands/view.js:193:20)
14 verbose stack     at async View.exec (/usr/local/lib/node_modules/npm/lib/commands/view.js:104:28)
14 verbose stack     at async module.exports (/usr/local/lib/node_modules/npm/lib/cli/entry.js:74:5)
15 verbose cwd /Users/mac
16 verbose Darwin 19.4.0
17 verbose node v20.15.1
18 verbose npm  v10.7.0
19 error code EACCES
20 error syscall open
21 error path /Users/mac/.npm/_cacache/tmp/b26c4d8c
22 error errno EACCES
23 verbose FetchError: Invalid response body while trying to fetch https://registry.npmjs.org/cookie-parser: EACCES: permission denied, open '/Users/mac/.npm/_cacache/tmp/b26c4d8c'
    at /usr/local/lib/node_modules/npm/node_modules/minipass-fetch/lib/body.js:170:15
    at async Response.json (/usr/local/lib/node_modules/npm/node_modules/minipass-fetch/lib/body.js:75:17)
    at async RegistryFetcher.packument (/usr/local/lib/node_modules/npm/node_modules/pacote/lib/registry.js:98:25)
    at async View.getData (/usr/local/lib/node_modules/npm/lib/commands/view.js:193:20)
    at async View.exec (/usr/local/lib/node_modules/npm/lib/commands/view.js:104:28)
    at async module.exports (/usr/local/lib/node_modules/npm/lib/cli/entry.js:74:5)
24 error
24 error Your cache folder contains root-owned files, due to a bug in
24 error previous versions of npm which has since been addressed.
24 error
24 error To permanently fix this problem, please run:
24 error   sudo chown -R 501:20 "/Users/mac/.npm"
25 verbose exit 1
26 verbose code 1
27 error A complete log of this run can be found in: /Users/mac/.npm/_logs/2024-09-20T10_37_27_134Z-debug-0.log
