0 verbose cli /usr/local/bin/node /usr/local/bin/npm
1 info using npm@10.8.3
2 info using node@v20.15.1
3 silly config load:file:/usr/local/lib/node_modules/npm/npmrc
4 silly config load:file:/Users/mac/.npmrc
5 silly config load:file:/usr/local/etc/npmrc
6 verbose title npm install typescript
7 verbose argv "install" "typescript" "--save-dev"
8 verbose logfile logs-max:10 dir:/Users/mac/.npm/_logs/2024-09-24T18_25_05_721Z-
9 verbose logfile /Users/mac/.npm/_logs/2024-09-24T18_25_05_721Z-debug-0.log
10 silly packumentCache heap:2197815296 maxSize:549453824 maxEntrySize:274726912
11 silly logfile start cleaning logs, removing 1 files
12 silly logfile done cleaning log files
13 silly idealTree buildDeps
14 silly fetch manifest typescript@*
15 silly packumentCache full:https://registry.npmjs.org/typescript cache-miss
16 silly placeDep ROOT typescript@ OK for: axia-backend-express@0.0.1 want: *
17 verbose FetchError: Invalid response body while trying to fetch https://registry.npmjs.org/typescript: EACCES: permission denied, open '/Users/mac/.npm/_cacache/tmp/d32f0d4d'
    at /usr/local/lib/node_modules/npm/node_modules/minipass-fetch/lib/body.js:170:15
    at async Response.json (/usr/local/lib/node_modules/npm/node_modules/minipass-fetch/lib/body.js:75:17)
    at async RegistryFetcher.packument (/usr/local/lib/node_modules/npm/node_modules/pacote/lib/registry.js:98:25)
    at async RegistryFetcher.manifest (/usr/local/lib/node_modules/npm/node_modules/pacote/lib/registry.js:128:23)
    at async #fetchManifest (/usr/local/lib/node_modules/npm/node_modules/@npmcli/arborist/lib/arborist/build-ideal-tree.js:1199:20)
    at async #nodeFromEdge (/usr/local/lib/node_modules/npm/node_modules/@npmcli/arborist/lib/arborist/build-ideal-tree.js:1037:19)
    at async #buildDepStep (/usr/local/lib/node_modules/npm/node_modules/@npmcli/arborist/lib/arborist/build-ideal-tree.js:901:11)
    at async Arborist.buildIdealTree (/usr/local/lib/node_modules/npm/node_modules/@npmcli/arborist/lib/arborist/build-ideal-tree.js:181:7)
    at async Promise.all (index 1)
    at async Arborist.reify (/usr/local/lib/node_modules/npm/node_modules/@npmcli/arborist/lib/arborist/reify.js:131:5)
18 verbose type system
19 verbose stack FetchError: Invalid response body while trying to fetch https://registry.npmjs.org/typescript: EACCES: permission denied, open '/Users/mac/.npm/_cacache/tmp/d32f0d4d'
19 verbose stack     at /usr/local/lib/node_modules/npm/node_modules/minipass-fetch/lib/body.js:170:15
19 verbose stack     at async Response.json (/usr/local/lib/node_modules/npm/node_modules/minipass-fetch/lib/body.js:75:17)
19 verbose stack     at async RegistryFetcher.packument (/usr/local/lib/node_modules/npm/node_modules/pacote/lib/registry.js:98:25)
19 verbose stack     at async RegistryFetcher.manifest (/usr/local/lib/node_modules/npm/node_modules/pacote/lib/registry.js:128:23)
19 verbose stack     at async #fetchManifest (/usr/local/lib/node_modules/npm/node_modules/@npmcli/arborist/lib/arborist/build-ideal-tree.js:1199:20)
19 verbose stack     at async #nodeFromEdge (/usr/local/lib/node_modules/npm/node_modules/@npmcli/arborist/lib/arborist/build-ideal-tree.js:1037:19)
19 verbose stack     at async #buildDepStep (/usr/local/lib/node_modules/npm/node_modules/@npmcli/arborist/lib/arborist/build-ideal-tree.js:901:11)
19 verbose stack     at async Arborist.buildIdealTree (/usr/local/lib/node_modules/npm/node_modules/@npmcli/arborist/lib/arborist/build-ideal-tree.js:181:7)
19 verbose stack     at async Promise.all (index 1)
19 verbose stack     at async Arborist.reify (/usr/local/lib/node_modules/npm/node_modules/@npmcli/arborist/lib/arborist/reify.js:131:5)
20 error code EACCES
21 error syscall open
22 error path /Users/mac/.npm/_cacache/tmp/d32f0d4d
23 error errno EACCES
24 error
24 error Your cache folder contains root-owned files, due to a bug in
24 error previous versions of npm which has since been addressed.
24 error
24 error To permanently fix this problem, please run:
24 error   sudo chown -R 501:20 "/Users/mac/.npm"
25 silly unfinished npm timer reify 1727202307512
26 silly unfinished npm timer reify:loadTrees 1727202307543
27 verbose cwd /Users/mac
28 verbose os Darwin 19.4.0
29 verbose node v20.15.1
30 verbose npm  v10.8.3
31 verbose exit 1
32 verbose code 1
33 error A complete log of this run can be found in: /Users/mac/.npm/_logs/2024-09-24T18_25_05_721Z-debug-0.log
