0 verbose cli /usr/local/bin/node /usr/local/bin/npm
1 info using npm@10.9.0
2 info using node@v20.15.1
3 silly config load:file:/usr/local/lib/node_modules/npm/npmrc
4 silly config load:file:/Users/mac/.npmrc
5 silly config load:file:/usr/local/etc/npmrc
6 verbose title npm i typescript
7 verbose argv "i" "--global" "typescript"
8 verbose logfile logs-max:10 dir:/Users/mac/.npm/_logs/2025-05-05T00_55_50_850Z-
9 verbose logfile /Users/mac/.npm/_logs/2025-05-05T00_55_50_850Z-debug-0.log
10 silly packumentCache heap:2197815296 maxSize:549453824 maxEntrySize:274726912
11 silly logfile start cleaning logs, removing 1 files
12 silly logfile done cleaning log files
13 silly idealTree buildDeps
14 silly fetch manifest typescript@*
15 silly packumentCache full:https://registry.npmjs.org/typescript cache-miss
16 http fetch GET 200 https://registry.npmjs.org/typescript 108ms (cache hit)
17 silly packumentCache full:https://registry.npmjs.org/typescript set size:14144967 disposed:false
18 silly placeDep ROOT typescript@5.8.3 OK for:  want: *
19 silly reify mark retired [
19 silly reify   '/usr/local/lib/node_modules/typescript',
19 silly reify   '/usr/local/bin/tsc',
19 silly reify   '/usr/local/bin/tsserver'
19 silly reify ]
20 silly reify moves {
20 silly reify   '/usr/local/lib/node_modules/typescript': '/usr/local/lib/node_modules/.typescript-U1UXj10a',
20 silly reify   '/usr/local/bin/tsc': '/usr/local/bin/.tsc-u2EeHcne',
20 silly reify   '/usr/local/bin/tsserver': '/usr/local/bin/.tsserver-bJFvYJo6'
20 silly reify }
21 silly CHANGE node_modules/typescript
22 verbose cwd /Users/mac
23 verbose os Darwin 19.4.0
24 verbose node v20.15.1
25 verbose npm  v10.9.0
26 verbose exit 0
27 info ok
