0 verbose cli /usr/local/bin/node /usr/local/bin/npm
1 info using npm@10.9.0
2 info using node@v20.15.1
3 silly config load:file:/usr/local/lib/node_modules/npm/npmrc
4 silly config load:file:/Users/mac/.npmrc
5 silly config load:file:/usr/local/etc/npmrc
6 verbose title npm i typescript
7 verbose argv "i" "--global" "typescript"
8 verbose logfile logs-max:10 dir:/Users/mac/.npm/_logs/2025-05-05T00_54_37_788Z-
9 verbose logfile /Users/mac/.npm/_logs/2025-05-05T00_54_37_788Z-debug-0.log
10 silly packumentCache heap:2197815296 maxSize:549453824 maxEntrySize:274726912
11 silly logfile start cleaning logs, removing 1 files
12 silly idealTree buildDeps
13 silly fetch manifest typescript@*
14 silly packumentCache full:https://registry.npmjs.org/typescript cache-miss
15 silly logfile done cleaning log files
16 http fetch GET 200 https://registry.npmjs.org/typescript 1971ms (cache updated)
17 silly packumentCache full:https://registry.npmjs.org/typescript set size:undefined disposed:false
18 silly placeDep ROOT typescript@5.8.3 OK for:  want: *
19 silly reify moves {}
20 silly ADD node_modules/typescript
21 verbose cwd /Users/mac
22 verbose os Darwin 19.4.0
23 verbose node v20.15.1
24 verbose npm  v10.9.0
25 verbose exit 0
26 info ok
