0 verbose cli /usr/local/bin/node /usr/local/bin/npm
1 info using npm@10.9.0
2 info using node@v20.15.1
3 silly config load:file:/usr/local/lib/node_modules/npm/npmrc
4 silly config load:file:/Users/mac/.npmrc
5 silly config load:file:/usr/local/etc/npmrc
6 verbose title npm i typescript
7 verbose argv "i" "--save-dev" "typescript"
8 verbose logfile logs-max:10 dir:/Users/mac/.npm/_logs/2025-05-05T02_11_35_323Z-
9 verbose logfile /Users/mac/.npm/_logs/2025-05-05T02_11_35_323Z-debug-0.log
10 silly logfile start cleaning logs, removing 1 files
11 silly packumentCache heap:2197815296 maxSize:549453824 maxEntrySize:274726912
12 silly logfile done cleaning log files
13 silly idealTree buildDeps
14 silly fetch manifest typescript@^5.8.3
15 silly packumentCache full:https://registry.npmjs.org/typescript cache-miss
16 http fetch GET 200 https://registry.npmjs.org/typescript 160ms (cache hit)
17 silly packumentCache full:https://registry.npmjs.org/typescript set size:14144967 disposed:false
18 silly placeDep ROOT typescript@5.8.3 REPLACE for: axia-backend-express@0.0.1 want: ^5.8.3
19 silly reify moves {}
20 silly audit bulk request {
20 silly audit   '@mapbox/node-pre-gyp': [ '1.0.11' ],
20 silly audit   '@mongodb-js/saslprep': [ '1.1.8' ],
20 silly audit   '@tinyhttp/cookie': [ '2.1.1' ],
20 silly audit   '@types/node': [ '22.9.0' ],
20 silly audit   '@types/webidl-conversions': [ '7.0.3' ],
20 silly audit   '@types/whatwg-url': [ '11.0.5' ],
20 silly audit   abbrev: [ '1.1.1' ],
20 silly audit   accepts: [ '1.3.8' ],
20 silly audit   'agent-base': [ '6.0.2', '7.1.1' ],
20 silly audit   debug: [ '4.3.6', '2.6.9', '4.3.7', '4.3.5' ],
20 silly audit   ms: [ '2.1.2', '2.1.3', '2.0.0' ],
20 silly audit   'ansi-regex': [ '5.0.1' ],
20 silly audit   anymatch: [ '3.1.3' ],
20 silly audit   aproba: [ '2.0.0' ],
20 silly audit   'are-we-there-yet': [ '2.0.0' ],
20 silly audit   'array-flatten': [ '1.1.1' ],
20 silly audit   asynckit: [ '0.4.0' ],
20 silly audit   axios: [ '1.7.7' ],
20 silly audit   'balanced-match': [ '1.0.2' ],
20 silly audit   'base64-js': [ '1.5.1' ],
20 silly audit   bcrypt: [ '5.1.1' ],
20 silly audit   bcryptjs: [ '2.4.3' ],
20 silly audit   'bignumber.js': [ '9.1.2' ],
20 silly audit   'binary-extensions': [ '2.3.0' ],
20 silly audit   'body-parser': [ '1.20.3', '1.20.2' ],
20 silly audit   qs: [ '6.13.0', '6.11.0' ],
20 silly audit   'brace-expansion': [ '1.1.11' ],
20 silly audit   braces: [ '3.0.3' ],
20 silly audit   bson: [ '6.8.0' ],
20 silly audit   'buffer-equal-constant-time': [ '1.0.1' ],
20 silly audit   bytes: [ '3.1.2' ],
20 silly audit   'call-bind': [ '1.0.7' ],
20 silly audit   chokidar: [ '3.6.0' ],
20 silly audit   chownr: [ '2.0.0' ],
20 silly audit   'color-support': [ '1.1.3' ],
20 silly audit   'combined-stream': [ '1.0.8' ],
20 silly audit   'concat-map': [ '0.0.1' ],
20 silly audit   'console-control-strings': [ '1.1.0' ],
20 silly audit   'content-disposition': [ '0.5.4' ],
20 silly audit   'content-type': [ '1.0.5' ],
20 silly audit   cookie: [ '0.6.0', '0.4.1' ],
20 silly audit   'cookie-parser': [ '1.4.6' ],
20 silly audit   'cookie-signature': [ '1.0.6' ],
20 silly audit   cors: [ '2.8.5' ],
20 silly audit   'define-data-property': [ '1.1.4' ],
20 silly audit   'delayed-stream': [ '1.0.0' ],
20 silly audit   delegates: [ '1.0.0' ],
20 silly audit   depd: [ '2.0.0' ],
20 silly audit   destroy: [ '1.2.0' ],
20 silly audit   'detect-libc': [ '2.0.3' ],
20 silly audit   dotenv: [ '16.4.5' ],
20 silly audit   'ecdsa-sig-formatter': [ '1.0.11' ],
20 silly audit   'ee-first': [ '1.1.1' ],
20 silly audit   'emoji-regex': [ '8.0.0' ],
20 silly audit   encodeurl: [ '1.0.2' ],
20 silly audit   'es-define-property': [ '1.0.0' ],
20 silly audit   'es-errors': [ '1.3.0' ],
20 silly audit   'escape-html': [ '1.0.3' ],
20 silly audit   etag: [ '1.8.1' ],
20 silly audit   express: [ '4.19.2' ],
20 silly audit   extend: [ '3.0.2' ],
20 silly audit   'fill-range': [ '7.1.1' ],
20 silly audit   finalhandler: [ '1.2.0' ],
20 silly audit   'follow-redirects': [ '1.15.9' ],
20 silly audit   'form-data': [ '4.0.0' ],
20 silly audit   forwarded: [ '0.2.0' ],
20 silly audit   fresh: [ '0.5.2' ],
20 silly audit   'fs-minipass': [ '2.1.0' ],
20 silly audit   minipass: [ '3.3.6', '5.0.0' ],
20 silly audit   'fs.realpath': [ '1.0.0' ],
20 silly audit   fsevents: [ '2.3.3' ],
20 silly audit   'function-bind': [ '1.1.2' ],
20 silly audit   gauge: [ '3.0.2' ],
20 silly audit   gaxios: [ '6.7.1', '5.1.3' ],
20 silly audit   'https-proxy-agent': [ '7.0.5', '5.0.1' ],
20 silly audit   uuid: [ '9.0.1', '8.3.2' ],
20 silly audit   'gcp-metadata': [ '5.3.0', '6.1.0' ],
20 silly audit   'get-intrinsic': [ '1.2.4' ],
20 silly audit   glob: [ '7.2.3' ],
20 silly audit   'glob-parent': [ '5.1.2' ],
20 silly audit   'google-auth-library': [ '9.14.2' ],
20 silly audit   jwa: [ '2.0.0', '1.4.1' ],
20 silly audit   jws: [ '4.0.0', '3.2.2' ],
20 silly audit   gopd: [ '1.0.1' ],
20 silly audit   gtoken: [ '7.1.0' ],
20 silly audit   'has-flag': [ '3.0.0' ],
20 silly audit   'has-property-descriptors': [ '1.0.2' ],
20 silly audit   'has-proto': [ '1.0.3' ],
20 silly audit   'has-symbols': [ '1.0.3' ],
20 silly audit   'has-unicode': [ '2.0.1' ],
20 silly audit   hasown: [ '2.0.2' ],
20 silly audit   'http-errors': [ '2.0.0' ],
20 silly audit   'iconv-lite': [ '0.4.24' ],
20 silly audit   'ignore-by-default': [ '1.0.1' ],
20 silly audit   inflight: [ '1.0.6' ],
20 silly audit   inherits: [ '2.0.4' ],
20 silly audit   'ipaddr.js': [ '1.9.1' ],
20 silly audit   'is-binary-path': [ '2.1.0' ],
20 silly audit   'is-extglob': [ '2.1.1' ],
20 silly audit   'is-fullwidth-code-point': [ '3.0.0' ],
20 silly audit   'is-glob': [ '4.0.3' ],
20 silly audit   'is-number': [ '7.0.0' ],
20 silly audit   'is-stream': [ '2.0.1' ],
20 silly audit   'json-bigint': [ '1.0.0' ],
20 silly audit   jsonwebtoken: [ '9.0.2' ],
20 silly audit   kareem: [ '2.6.3' ],
20 silly audit   'lodash.includes': [ '4.3.0' ],
20 silly audit   'lodash.isboolean': [ '3.0.3' ],
20 silly audit   'lodash.isinteger': [ '4.0.4' ],
20 silly audit   'lodash.isnumber': [ '3.0.3' ],
20 silly audit   'lodash.isplainobject': [ '4.0.6' ],
20 silly audit   'lodash.isstring': [ '4.0.1' ],
20 silly audit   'lodash.once': [ '4.1.1' ],
20 silly audit   'make-dir': [ '3.1.0' ],
20 silly audit   semver: [ '6.3.1', '7.6.3' ],
20 silly audit   'media-typer': [ '0.3.0' ],
20 silly audit   'memory-pager': [ '1.5.0' ],
20 silly audit   'merge-descriptors': [ '1.0.1' ],
20 silly audit   methods: [ '1.1.2' ],
20 silly audit   mime: [ '1.6.0' ],
20 silly audit   'mime-db': [ '1.52.0' ],
20 silly audit   'mime-types': [ '2.1.35' ],
20 silly audit   minimatch: [ '3.1.2' ],
20 silly audit   minizlib: [ '2.1.2' ],
20 silly audit   mkdirp: [ '1.0.4' ],
20 silly audit   mongodb: [ '6.10.0', '6.7.0' ],
20 silly audit   'mongodb-connection-string-url': [ '3.0.1' ],
20 silly audit   mongoose: [ '8.5.2' ],
20 silly audit   mpath: [ '0.9.0' ],
20 silly audit   mquery: [ '5.0.0' ],
20 silly audit   negotiator: [ '0.6.3' ],
20 silly audit   'node-addon-api': [ '5.1.0' ],
20 silly audit   'node-cron': [ '3.0.3' ],
20 silly audit   'node-fetch': [ '2.7.0' ],
20 silly audit   tr46: [ '0.0.3', '4.1.1' ],
20 silly audit   'webidl-conversions': [ '3.0.1', '7.0.0' ],
20 silly audit   'whatwg-url': [ '5.0.0', '13.0.0' ],
20 silly audit   nodemailer: [ '6.9.15' ],
20 silly audit   nodemon: [ '3.1.4' ],
20 silly audit   nopt: [ '5.0.0' ],
20 silly audit   'normalize-path': [ '3.0.0' ],
20 silly audit   npmlog: [ '5.0.1' ],
20 silly audit   'object-assign': [ '4.1.1' ],
20 silly audit   'object-inspect': [ '1.13.2' ],
20 silly audit   'on-finished': [ '2.4.1' ],
20 silly audit   once: [ '1.4.0' ],
20 silly audit   parseurl: [ '1.3.3' ],
20 silly audit   'path-is-absolute': [ '1.0.1' ],
20 silly audit   'path-to-regexp': [ '0.1.7' ],
20 silly audit   picomatch: [ '2.3.1' ],
20 silly audit   prettier: [ '3.3.3' ],
20 silly audit   'proxy-addr': [ '2.0.7' ],
20 silly audit   'proxy-from-env': [ '1.1.0' ],
20 silly audit   'pstree.remy': [ '1.1.8' ],
20 silly audit   punycode: [ '2.3.1' ],
20 silly audit   'range-parser': [ '1.2.1' ],
20 silly audit   'raw-body': [ '2.5.2' ],
20 silly audit   'readable-stream': [ '3.6.2' ],
20 silly audit   readdirp: [ '3.6.0' ],
20 silly audit   rimraf: [ '3.0.2' ],
20 silly audit   'safe-buffer': [ '5.2.1' ],
20 silly audit   'safer-buffer': [ '2.1.2' ],
20 silly audit   send: [ '0.18.0' ],
20 silly audit   'serve-static': [ '1.15.0' ],
20 silly audit   'set-blocking': [ '2.0.0' ],
20 silly audit   'set-function-length': [ '1.2.2' ],
20 silly audit   setprototypeof: [ '1.2.0' ],
20 silly audit   'side-channel': [ '1.0.6' ],
20 silly audit   sift: [ '17.1.3' ],
20 silly audit   'signal-exit': [ '3.0.7' ],
20 silly audit   'simple-update-notifier': [ '2.0.0' ],
20 silly audit   'sparse-bitfield': [ '3.0.3' ],
20 silly audit   statuses: [ '2.0.1' ],
20 silly audit   string_decoder: [ '1.3.0' ],
20 silly audit   'string-width': [ '4.2.3' ],
20 silly audit   'strip-ansi': [ '6.0.1' ],
20 silly audit   'supports-color': [ '5.5.0' ],
20 silly audit   tar: [ '6.2.1' ],
20 silly audit   'to-regex-range': [ '5.0.1' ],
20 silly audit   toidentifier: [ '1.0.1' ],
20 silly audit   touch: [ '3.1.1' ],
20 silly audit   'type-is': [ '1.6.18' ],
20 silly audit   undefsafe: [ '2.0.5' ],
20 silly audit   'undici-types': [ '6.19.8' ],
20 silly audit   unpipe: [ '1.0.0' ],
20 silly audit   'util-deprecate': [ '1.0.2' ],
20 silly audit   'utils-merge': [ '1.0.1' ],
20 silly audit   vary: [ '1.1.2' ],
20 silly audit   'wide-align': [ '1.1.5' ],
20 silly audit   wrappy: [ '1.0.2' ],
20 silly audit   yallist: [ '4.0.0' ],
20 silly audit   typescript: [ '5.8.3' ]
20 silly audit }
21 http fetch POST 200 https://registry.npmjs.org/-/npm/v1/security/advisories/bulk 2775ms
22 silly audit report {
22 silly audit report   axios: [
22 silly audit report     {
22 silly audit report       id: 1103618,
22 silly audit report       url: 'https://github.com/advisories/GHSA-jr5f-v2jv-69x6',
22 silly audit report       title: 'axios Requests Vulnerable To Possible SSRF and Credential Leakage via Absolute URL',
22 silly audit report       severity: 'high',
22 silly audit report       vulnerable_versions: '>=1.0.0 <1.8.2',
22 silly audit report       cwe: [Array],
22 silly audit report       cvss: [Object]
22 silly audit report     }
22 silly audit report   ],
22 silly audit report   'body-parser': [
22 silly audit report     {
22 silly audit report       id: 1099520,
22 silly audit report       url: 'https://github.com/advisories/GHSA-qwcr-r2fm-qrc7',
22 silly audit report       title: 'body-parser vulnerable to denial of service when url encoding is enabled',
22 silly audit report       severity: 'high',
22 silly audit report       vulnerable_versions: '<1.20.3',
22 silly audit report       cwe: [Array],
22 silly audit report       cvss: [Object]
22 silly audit report     }
22 silly audit report   ],
22 silly audit report   cookie: [
22 silly audit report     {
22 silly audit report       id: 1103907,
22 silly audit report       url: 'https://github.com/advisories/GHSA-pxg6-pf52-xh8x',
22 silly audit report       title: 'cookie accepts cookie name, path, and domain with out of bounds characters',
22 silly audit report       severity: 'low',
22 silly audit report       vulnerable_versions: '<0.7.0',
22 silly audit report       cwe: [Array],
22 silly audit report       cvss: [Object]
22 silly audit report     }
22 silly audit report   ],
22 silly audit report   express: [
22 silly audit report     {
22 silly audit report       id: 1100530,
22 silly audit report       url: 'https://github.com/advisories/GHSA-qw6h-vgh9-j6wx',
22 silly audit report       title: 'express vulnerable to XSS via response.redirect()',
22 silly audit report       severity: 'low',
22 silly audit report       vulnerable_versions: '<4.20.0',
22 silly audit report       cwe: [Array],
22 silly audit report       cvss: [Object]
22 silly audit report     }
22 silly audit report   ],
22 silly audit report   mongoose: [
22 silly audit report     {
22 silly audit report       id: 1101063,
22 silly audit report       url: 'https://github.com/advisories/GHSA-m7xq-9374-9rvx',
22 silly audit report       title: 'Mongoose search injection vulnerability',
22 silly audit report       severity: 'high',
22 silly audit report       vulnerable_versions: '>=8.0.0-rc0 <8.8.3',
22 silly audit report       cwe: [Array],
22 silly audit report       cvss: [Object]
22 silly audit report     },
22 silly audit report     {
22 silly audit report       id: 1101840,
22 silly audit report       url: 'https://github.com/advisories/GHSA-vg7j-7cwx-8wgw',
22 silly audit report       title: 'Mongoose search injection vulnerability',
22 silly audit report       severity: 'critical',
22 silly audit report       vulnerable_versions: '>=8.0.0-rc0 <8.9.5',
22 silly audit report       cwe: [Array],
22 silly audit report       cvss: [Object]
22 silly audit report     }
22 silly audit report   ],
22 silly audit report   'path-to-regexp': [
22 silly audit report     {
22 silly audit report       id: 1101844,
22 silly audit report       url: 'https://github.com/advisories/GHSA-rhx6-c78j-4q9w',
22 silly audit report       title: 'Unpatched `path-to-regexp` ReDoS in 0.1.x',
22 silly audit report       severity: 'high',
22 silly audit report       vulnerable_versions: '<0.1.12',
22 silly audit report       cwe: [Array],
22 silly audit report       cvss: [Object]
22 silly audit report     },
22 silly audit report     {
22 silly audit report       id: 1101850,
22 silly audit report       url: 'https://github.com/advisories/GHSA-9wv6-86v2-598j',
22 silly audit report       title: 'path-to-regexp outputs backtracking regular expressions',
22 silly audit report       severity: 'high',
22 silly audit report       vulnerable_versions: '<0.1.10',
22 silly audit report       cwe: [Array],
22 silly audit report       cvss: [Object]
22 silly audit report     }
22 silly audit report   ],
22 silly audit report   send: [
22 silly audit report     {
22 silly audit report       id: 1100526,
22 silly audit report       url: 'https://github.com/advisories/GHSA-m6fv-jmcg-4jfg',
22 silly audit report       title: 'send vulnerable to template injection that can lead to XSS',
22 silly audit report       severity: 'low',
22 silly audit report       vulnerable_versions: '<0.19.0',
22 silly audit report       cwe: [Array],
22 silly audit report       cvss: [Object]
22 silly audit report     }
22 silly audit report   ],
22 silly audit report   'serve-static': [
22 silly audit report     {
22 silly audit report       id: 1100528,
22 silly audit report       url: 'https://github.com/advisories/GHSA-cm22-4g7w-348p',
22 silly audit report       title: 'serve-static vulnerable to template injection that can lead to XSS',
22 silly audit report       severity: 'low',
22 silly audit report       vulnerable_versions: '<1.16.0',
22 silly audit report       cwe: [Array],
22 silly audit report       cvss: [Object]
22 silly audit report     }
22 silly audit report   ]
22 silly audit report }
23 silly packumentCache corgi:https://registry.npmjs.org/axios cache-miss
24 silly packumentCache corgi:https://registry.npmjs.org/body-parser cache-miss
25 silly packumentCache corgi:https://registry.npmjs.org/cookie cache-miss
26 silly packumentCache corgi:https://registry.npmjs.org/express cache-miss
27 silly packumentCache corgi:https://registry.npmjs.org/mongoose cache-miss
28 silly packumentCache corgi:https://registry.npmjs.org/path-to-regexp cache-miss
29 silly packumentCache corgi:https://registry.npmjs.org/send cache-miss
30 silly packumentCache corgi:https://registry.npmjs.org/serve-static cache-miss
31 http fetch GET 200 https://registry.npmjs.org/cookie 39ms (cache hit)
32 silly packumentCache corgi:https://registry.npmjs.org/cookie set size:22175 disposed:false
33 http fetch GET 200 https://registry.npmjs.org/axios 48ms (cache hit)
34 silly packumentCache corgi:https://registry.npmjs.org/axios set size:240321 disposed:false
35 http fetch GET 200 https://registry.npmjs.org/serve-static 44ms (cache hit)
36 silly packumentCache corgi:https://registry.npmjs.org/serve-static set size:56254 disposed:false
37 http fetch GET 200 https://registry.npmjs.org/mongoose 53ms (cache hit)
38 silly packumentCache corgi:https://registry.npmjs.org/mongoose set size:1498276 disposed:false
39 http fetch GET 200 https://registry.npmjs.org/express 83ms (cache hit)
40 silly packumentCache corgi:https://registry.npmjs.org/express set size:322362 disposed:false
41 http fetch GET 200 https://registry.npmjs.org/body-parser 95ms (cache hit)
42 silly packumentCache corgi:https://registry.npmjs.org/body-parser set size:74404 disposed:false
43 http fetch GET 200 https://registry.npmjs.org/send 91ms (cache hit)
44 silly packumentCache corgi:https://registry.npmjs.org/send set size:60926 disposed:false
45 http fetch GET 200 https://registry.npmjs.org/path-to-regexp 98ms (cache hit)
46 silly packumentCache corgi:https://registry.npmjs.org/path-to-regexp set size:62557 disposed:false
47 silly packumentCache corgi:https://registry.npmjs.org/cookie-parser cache-miss
48 http fetch GET 200 https://registry.npmjs.org/cookie-parser 25ms (cache hit)
49 silly packumentCache corgi:https://registry.npmjs.org/cookie-parser set size:15528 disposed:false
50 verbose cwd /Users/mac/femimane
51 verbose os Darwin 19.4.0
52 verbose node v20.15.1
53 verbose npm  v10.9.0
54 verbose exit 0
55 info ok
